<?xml version="1.0" encoding="UTF-8"?>
<!-- Generated by org.testng.reporters.JUnitXMLReporter -->
<testsuite hostname="EPBYMINW2701" name="Functional Tests" tests="1" failures="1" timestamp="13 Jul 2015 15:31:32 GMT" time="0.443" errors="0">
  <testcase name="letterGoToSpam" time="0.034" classname="test.LetterGoToSpam_01">
    <failure type="java.lang.RuntimeException" message="java.lang.ClassNotFoundException: webdriver.elements.ITextBox">
      <![CDATA[java.lang.RuntimeException: java.lang.ClassNotFoundException: webdriver.elements.ITextBox
	at webdriver.elements.ElementFactory.findImplementationFor(ElementFactory.java:35)
	at webdriver.elements.ElementFactory.create(ElementFactory.java:15)
	at webdriver.fieldDecorator.FieldDecorator.decorateElement(FieldDecorator.java:39)
	at webdriver.fieldDecorator.FieldDecorator.decorate(FieldDecorator.java:31)
	at org.openqa.selenium.support.PageFactory.proxyFields(PageFactory.java:112)
	at org.openqa.selenium.support.PageFactory.initElements(PageFactory.java:104)
	at test.Pages.LoginPage.<init>(LoginPage.java:30)
	at test.Steps.Steps.loginGmail(Steps.java:11)
	at test.LetterGoToSpam_01.letterGoToSpam(LetterGoToSpam_01.java:15)
Caused by: java.lang.ClassNotFoundException: webdriver.elements.ITextBox
	at java.net.URLClassLoader.findClass(URLClassLoader.java:381)
	at java.lang.ClassLoader.loadClass(ClassLoader.java:424)
	at sun.misc.Launcher$AppClassLoader.loadClass(Launcher.java:331)
	at java.lang.ClassLoader.loadClass(ClassLoader.java:357)
	at java.lang.Class.forName0(Native Method)
	at java.lang.Class.forName(Class.java:264)
	at webdriver.elements.ElementFactory.findImplementationFor(ElementFactory.java:32)
	... 32 more
... Removed 24 stack frames]]>
    </failure>
  </testcase> <!-- letterGoToSpam -->
</testsuite> <!-- Functional Tests -->
