<?xml version="1.0" encoding="UTF-8"?>
<!-- Generated by org.testng.reporters.JUnitXMLReporter -->
<testsuite hostname="EPBYMINW2701" name="Functional Tests" tests="1" failures="1" timestamp="17 Jul 2015 16:58:44 GMT" time="12.465" errors="0">
  <testcase name="ThemesTest" time="8.595" classname="test.Themes_04">
    <failure type="java.lang.AssertionError" message="Assert fail:Setting Drop Down isn&amp;apos;t visible expected [true] but found [false]">
      <![CDATA[java.lang.AssertionError: Assert fail:Setting Drop Down isn't visible expected [true] but found [false]
	at webdriver.Logger.fatal(Logger.java:130)
	at webdriver.BaseEntity.fatal(BaseEntity.java:72)
	at webdriver.Asserts.assertTrue(Asserts.java:19)
	at test.Themes_04.ThemesTest(Themes_04.java:30)
... Removed 27 stack frames]]>
    </failure>
  </testcase> <!-- ThemesTest -->
</testsuite> <!-- Functional Tests -->
