<?xml version="1.0" encoding="UTF-8"?>
<!-- Generated by org.testng.reporters.JUnitXMLReporter -->
<testsuite hostname="EPBYMINW2701" name="Functional Tests" tests="1" failures="1" timestamp="13 Jul 2015 10:56:44 GMT" time="2.314" errors="0">
  <testcase name="letterGoToSpam" time="0.029" classname="test.LetterGoToSpam_01">
    <failure type="java.lang.IllegalArgumentException" message="Can not set webdriver.DecWebElement field test.Pages.LoginPage.txbEmail to com.sun.proxy.$Proxy7">
      <![CDATA[java.lang.IllegalArgumentException: Can not set webdriver.DecWebElement field test.Pages.LoginPage.txbEmail to com.sun.proxy.$Proxy7
	at org.openqa.selenium.support.PageFactory.proxyFields(PageFactory.java:116)
	at org.openqa.selenium.support.PageFactory.initElements(PageFactory.java:104)
	at test.Pages.LoginPage.<init>(LoginPage.java:31)
	at test.Steps.Steps.loginGmail(Steps.java:11)
	at test.LetterGoToSpam_01.letterGoToSpam(LetterGoToSpam_01.java:16)
... Removed 28 stack frames]]>
    </failure>
  </testcase> <!-- letterGoToSpam -->
</testsuite> <!-- Functional Tests -->
