<?xml version="1.0" encoding="UTF-8"?>
<testng-results skipped="0" failed="0" total="1" passed="1">
  <reporter-output>
    <line>
      <![CDATA[Browser is ready<br>]]>
    </line>
    <line>
      <![CDATA[==========  Test case: 'MainMailBoxPage_03' ==========<br>]]>
    </line>
    <line>
      <![CDATA[Precondition: <br>]]>
    </line>
    <line>
      <![CDATA[Page Login Page appears<br>]]>
    </line>
    <line>
      <![CDATA[TextBoxElement typing 'hlebtemp@gmail.com' <br>]]>
    </line>
    <line>
      <![CDATA[ButtonElement clicking <br>]]>
    </line>
    <line>
      <![CDATA[TextBoxElement typing 'dr71gleb' <br>]]>
    </line>
    <line>
      <![CDATA[ButtonElement clicking <br>]]>
    </line>
    <line>
      <![CDATA[--------==[ step 1 ]==--------<br>]]>
    </line>
    <line>
      <![CDATA[Page Main Page appears<br>]]>
    </line>
    <line>
      <![CDATA[ButtonElement clicking <br>]]>
    </line>
    <line>
      <![CDATA[--------==[ steps: 2-4 ]==--------<br>]]>
    </line>
    <line>
      <![CDATA[Page New Message Form appears<br>]]>
    </line>
    <line>
      <![CDATA[TextBoxElement typing 'hlebtemp@gmail.com' <br>]]>
    </line>
    <line>
      <![CDATA[TextBoxElement typing 'JWVEO' <br>]]>
    </line>
    <line>
      <![CDATA[TextBoxElement typing 'YATPS24376D6H1NTMWB546YSGTH6BW' <br>]]>
    </line>
    <line>
      <![CDATA[ButtonElement clicking <br>]]>
    </line>
    <line>
      <![CDATA[Uploading file: C:\Users\Hleb_Halkouski\git\GmailTest\RandomFile.txt<br>]]>
    </line>
    <line>
      <![CDATA[Page Main Page appears<br>]]>
    </line>
    <line>
      <![CDATA[Assert true: File bigger then 25mb!<br>]]>
    </line>
    <line>
      <![CDATA[driver is quit<br>]]>
    </line>
  </reporter-output>
  <suite name="Test Plan" duration-ms="20615" started-at="2015-07-21T15:05:04Z" finished-at="2015-07-21T15:05:25Z">
    <groups>
    </groups>
    <test name="Smoke Tests" duration-ms="20615" started-at="2015-07-21T15:05:04Z" finished-at="2015-07-21T15:05:25Z">
      <class name="test.MainMailBoxPage_03">
        <test-method status="PASS" signature="before()[pri:0, instance:test.MainMailBoxPage_03@6c4906d3]" name="before" is-config="true" duration-ms="12" started-at="2015-07-21T18:05:04Z" finished-at="2015-07-21T18:05:04Z">
          <reporter-output>
          </reporter-output>
        </test-method> <!-- before -->
        <test-method status="PASS" signature="startTest()[pri:0, instance:test.MainMailBoxPage_03@6c4906d3]" name="startTest" is-config="true" duration-ms="1" started-at="2015-07-21T18:05:04Z" finished-at="2015-07-21T18:05:04Z">
          <reporter-output>
            <line>
              <![CDATA[==========  Test case: 'MainMailBoxPage_03' ==========<br>]]>
            </line>
          </reporter-output>
        </test-method> <!-- startTest -->
        <test-method status="PASS" signature="beforeMainMailBoxPageTest(java.lang.String, java.lang.String, java.lang.String)[pri:0, instance:test.MainMailBoxPage_03@6c4906d3]" name="beforeMainMailBoxPageTest" is-config="true" duration-ms="2879" started-at="2015-07-21T18:05:04Z" finished-at="2015-07-21T18:05:07Z">
          <params>
            <param index="0">
              <value>
                <![CDATA[hlebtemp@gmail.com]]>
              </value>
            </param>
            <param index="1">
              <value>
                <![CDATA[dr71gleb]]>
              </value>
            </param>
            <param index="2">
              <value>
                <![CDATA[hlebtemp2@gmail.com]]>
              </value>
            </param>
          </params>
          <reporter-output>
            <line>
              <![CDATA[Precondition: <br>]]>
            </line>
            <line>
              <![CDATA[Page Login Page appears<br>]]>
            </line>
            <line>
              <![CDATA[TextBoxElement typing 'hlebtemp@gmail.com' <br>]]>
            </line>
            <line>
              <![CDATA[ButtonElement clicking <br>]]>
            </line>
            <line>
              <![CDATA[TextBoxElement typing 'dr71gleb' <br>]]>
            </line>
            <line>
              <![CDATA[ButtonElement clicking <br>]]>
            </line>
          </reporter-output>
        </test-method> <!-- beforeMainMailBoxPageTest -->
        <test-method status="PASS" signature="MainMailBoxPageTest()[pri:0, instance:test.MainMailBoxPage_03@6c4906d3]" name="MainMailBoxPageTest" duration-ms="15877" started-at="2015-07-21T18:05:07Z" finished-at="2015-07-21T18:05:23Z">
          <reporter-output>
            <line>
              <![CDATA[--------==[ step 1 ]==--------<br>]]>
            </line>
            <line>
              <![CDATA[Page Main Page appears<br>]]>
            </line>
            <line>
              <![CDATA[ButtonElement clicking <br>]]>
            </line>
            <line>
              <![CDATA[--------==[ steps: 2-4 ]==--------<br>]]>
            </line>
            <line>
              <![CDATA[Page New Message Form appears<br>]]>
            </line>
            <line>
              <![CDATA[TextBoxElement typing 'hlebtemp@gmail.com' <br>]]>
            </line>
            <line>
              <![CDATA[TextBoxElement typing 'JWVEO' <br>]]>
            </line>
            <line>
              <![CDATA[TextBoxElement typing 'YATPS24376D6H1NTMWB546YSGTH6BW' <br>]]>
            </line>
            <line>
              <![CDATA[ButtonElement clicking <br>]]>
            </line>
            <line>
              <![CDATA[Uploading file: C:\Users\Hleb_Halkouski\git\GmailTest\RandomFile.txt<br>]]>
            </line>
            <line>
              <![CDATA[Page Main Page appears<br>]]>
            </line>
            <line>
              <![CDATA[Assert true: File bigger then 25mb!<br>]]>
            </line>
          </reporter-output>
        </test-method> <!-- MainMailBoxPageTest -->
        <test-method status="PASS" signature="after()[pri:0, instance:test.MainMailBoxPage_03@6c4906d3]" name="after" is-config="true" duration-ms="1841" started-at="2015-07-21T18:05:23Z" finished-at="2015-07-21T18:05:25Z">
          <reporter-output>
            <line>
              <![CDATA[driver is quit<br>]]>
            </line>
          </reporter-output>
        </test-method> <!-- after -->
      </class> <!-- test.MainMailBoxPage_03 -->
    </test> <!-- Smoke Tests -->
  </suite> <!-- Test Plan -->
</testng-results>
