<?xml version="1.0" encoding="UTF-8"?>
<testng-results skipped="0" failed="1" total="1" passed="0">
  <reporter-output>
    <line>
      <![CDATA[Browser is ready<br>]]>
    </line>
    <line>
      <![CDATA[==========  Test case: 'test.LetterGoToSpam_01' ==========<br>]]>
    </line>
    <line>
      <![CDATA[--------==[ step 1 ]==--------<br>]]>
    </line>
    <line>
      <![CDATA[Page Login Page appears<br>]]>
    </line>
    <line>
      <![CDATA[TextBoxElement typing 'hlebtemp@gmail.com' <br>]]>
    </line>
    <line>
      <![CDATA[ButtonElement clicking <br>]]>
    </line>
    <line>
      <![CDATA[TextBoxElement typing 'dr71gleb' <br>]]>
    </line>
    <line>
      <![CDATA[ButtonElement clicking <br>]]>
    </line>
    <line>
      <![CDATA[--------==[ step 2 ]==--------<br>]]>
    </line>
    <line>
      <![CDATA[Page Main Page appears<br>]]>
    </line>
    <line>
      <![CDATA[ButtonElement clicking <br>]]>
    </line>
    <line>
      <![CDATA[Page New Message Form appears<br>]]>
    </line>
    <line>
      <![CDATA[TextBoxElement typing 'hlebtemp2@gmail.com' <br>]]>
    </line>
    <line>
      <![CDATA[TextBoxElement typing '8DDXU' <br>]]>
    </line>
    <line>
      <![CDATA[TextBoxElement typing 'PW8S1LRF5GWNDRYJYZ60XX29N33ZNT' <br>]]>
    </line>
    <line>
      <![CDATA[ButtonElement clicking <br>]]>
    </line>
    <line>
      <![CDATA[--------==[ step 3 ]==--------<br>]]>
    </line>
    <line>
      <![CDATA[Page Login Page appears<br>]]>
    </line>
    <line>
      <![CDATA[TextBoxElement typing 'hlebtemp2@gmail.com' <br>]]>
    </line>
    <line>
      <![CDATA[ButtonElement clicking <br>]]>
    </line>
    <line>
      <![CDATA[TextBoxElement typing 'dr71gleb' <br>]]>
    </line>
    <line>
      <![CDATA[ButtonElement clicking <br>]]>
    </line>
    <line>
      <![CDATA[--------==[ step 4 ]==--------<br>]]>
    </line>
    <line>
      <![CDATA[Page Main Page appears<br>]]>
    </line>
    <line>
      <![CDATA[LabelElement clicking <br>]]>
    </line>
    <line>
      <![CDATA[Page Message Page appears<br>]]>
    </line>
    <line>
      <![CDATA[ButtonElement clicking <br>]]>
    </line>
    <line>
      <![CDATA[LabelElement clicking <br>]]>
    </line>
    <line>
      <![CDATA[Page Main Page appears<br>]]>
    </line>
  </reporter-output>
  <suite name="Fun Test Plan" duration-ms="32074" started-at="2015-07-14T17:35:16Z" finished-at="2015-07-14T17:35:48Z">
    <groups>
    </groups>
    <test name="Functional Tests" duration-ms="32074" started-at="2015-07-14T17:35:16Z" finished-at="2015-07-14T17:35:48Z">
      <class name="test.LetterGoToSpam_01">
        <test-method status="PASS" signature="startTest()[pri:0, instance:test.LetterGoToSpam_01@28dcca0c]" name="startTest" is-config="true" duration-ms="12" started-at="2015-07-14T20:35:16Z" finished-at="2015-07-14T20:35:16Z">
          <reporter-output>
            <line>
              <![CDATA[==========  Test case: 'test.LetterGoToSpam_01' ==========<br>]]>
            </line>
          </reporter-output>
        </test-method> <!-- startTest -->
        <test-method status="PASS" signature="before()[pri:0, instance:test.LetterGoToSpam_01@28dcca0c]" name="before" is-config="true" duration-ms="2" started-at="2015-07-14T20:35:16Z" finished-at="2015-07-14T20:35:16Z">
          <reporter-output>
          </reporter-output>
        </test-method> <!-- before -->
        <test-method status="FAIL" signature="letterGoToSpam(java.lang.String, java.lang.String, java.lang.String, java.lang.String)[pri:0, instance:test.LetterGoToSpam_01@28dcca0c]" name="letterGoToSpam" duration-ms="31467" started-at="2015-07-14T20:35:16Z" finished-at="2015-07-14T20:35:48Z">
          <params>
            <param index="0">
              <value>
                <![CDATA[hlebtemp@gmail.com]]>
              </value>
            </param>
            <param index="1">
              <value>
                <![CDATA[dr71gleb]]>
              </value>
            </param>
            <param index="2">
              <value>
                <![CDATA[hlebtemp2@gmail.com]]>
              </value>
            </param>
            <param index="3">
              <value>
                <![CDATA[dr71gleb]]>
              </value>
            </param>
          </params>
          <exception class="org.openqa.selenium.UnhandledAlertException">
            <message>
              <![CDATA[Unexpected modal dialog (text: This page is asking you to confirm that you want to leave - data you have entered may not be saved.): This page is asking you to confirm that you want to leave - data you have entered may not be saved.
Build info: version: '2.46.0', revision: '61506a4624b13675f24581e453592342b7485d71', time: '2015-06-04 10:22:50'
System info: host: 'EPBYMINW2701', ip: '10.6.102.41', os.name: 'Windows 7', os.arch: 'amd64', os.version: '6.1', java.version: '1.8.0_45'
Driver info: org.openqa.selenium.firefox.FirefoxDriver
Capabilities [{applicationCacheEnabled=true, rotatable=false, handlesAlerts=true, databaseEnabled=true, version=35.0.1, platform=WINDOWS, nativeEvents=false, acceptSslCerts=true, webStorageEnabled=true, locationContextEnabled=true, browserName=firefox, takesScreenshot=true, javascriptEnabled=true, cssSelectorsEnabled=true}]
Session ID: bf11a2d7-a0de-4486-a8e2-b1405530be35]]>
            </message>
            <full-stacktrace>
              <![CDATA[org.openqa.selenium.UnhandledAlertException: Unexpected modal dialog (text: This page is asking you to confirm that you want to leave - data you have entered may not be saved.): This page is asking you to confirm that you want to leave - data you have entered may not be saved.
Build info: version: '2.46.0', revision: '61506a4624b13675f24581e453592342b7485d71', time: '2015-06-04 10:22:50'
System info: host: 'EPBYMINW2701', ip: '10.6.102.41', os.name: 'Windows 7', os.arch: 'amd64', os.version: '6.1', java.version: '1.8.0_45'
Driver info: org.openqa.selenium.firefox.FirefoxDriver
Capabilities [{applicationCacheEnabled=true, rotatable=false, handlesAlerts=true, databaseEnabled=true, version=35.0.1, platform=WINDOWS, nativeEvents=false, acceptSslCerts=true, webStorageEnabled=true, locationContextEnabled=true, browserName=firefox, takesScreenshot=true, javascriptEnabled=true, cssSelectorsEnabled=true}]
Session ID: bf11a2d7-a0de-4486-a8e2-b1405530be35
	at sun.reflect.NativeConstructorAccessorImpl.newInstance0(Native Method)
	at sun.reflect.NativeConstructorAccessorImpl.newInstance(NativeConstructorAccessorImpl.java:62)
	at sun.reflect.DelegatingConstructorAccessorImpl.newInstance(DelegatingConstructorAccessorImpl.java:45)
	at java.lang.reflect.Constructor.newInstance(Constructor.java:422)
	at org.openqa.selenium.remote.ErrorHandler.createThrowable(ErrorHandler.java:204)
	at org.openqa.selenium.remote.ErrorHandler.createUnhandledAlertException(ErrorHandler.java:185)
	at org.openqa.selenium.remote.ErrorHandler.throwIfResponseFailed(ErrorHandler.java:152)
	at org.openqa.selenium.remote.RemoteWebDriver.execute(RemoteWebDriver.java:605)
	at org.openqa.selenium.remote.RemoteWebDriver.execute(RemoteWebDriver.java:628)
	at org.openqa.selenium.remote.RemoteWebDriver$RemoteWebDriverOptions.getCookies(RemoteWebDriver.java:704)
	at org.openqa.selenium.remote.RemoteWebDriver$RemoteWebDriverOptions.getCookieNamed(RemoteWebDriver.java:732)
	at webdriver.Browser.deleteAllCookiesAndRefresh(Browser.java:96)
	at test.LetterGoToSpam_01.letterGoToSpam(LetterGoToSpam_01.java:37)
	at sun.reflect.NativeMethodAccessorImpl.invoke0(Native Method)
	at sun.reflect.NativeMethodAccessorImpl.invoke(NativeMethodAccessorImpl.java:62)
	at sun.reflect.DelegatingMethodAccessorImpl.invoke(DelegatingMethodAccessorImpl.java:43)
	at java.lang.reflect.Method.invoke(Method.java:497)
	at org.testng.internal.MethodInvocationHelper.invokeMethod(MethodInvocationHelper.java:84)
	at org.testng.internal.Invoker.invokeMethod(Invoker.java:714)
	at org.testng.internal.Invoker.invokeTestMethod(Invoker.java:901)
	at org.testng.internal.Invoker.invokeTestMethods(Invoker.java:1231)
	at org.testng.internal.TestMethodWorker.invokeTestMethods(TestMethodWorker.java:127)
	at org.testng.internal.TestMethodWorker.run(TestMethodWorker.java:111)
	at org.testng.TestRunner.privateRun(TestRunner.java:767)
	at org.testng.TestRunner.run(TestRunner.java:617)
	at org.testng.SuiteRunner.runTest(SuiteRunner.java:348)
	at org.testng.SuiteRunner.runSequentially(SuiteRunner.java:343)
	at org.testng.SuiteRunner.privateRun(SuiteRunner.java:305)
	at org.testng.SuiteRunner.run(SuiteRunner.java:254)
	at org.testng.SuiteRunnerWorker.runSuite(SuiteRunnerWorker.java:52)
	at org.testng.SuiteRunnerWorker.run(SuiteRunnerWorker.java:86)
	at org.testng.TestNG.runSuitesSequentially(TestNG.java:1224)
	at org.testng.TestNG.runSuitesLocally(TestNG.java:1149)
	at org.testng.TestNG.run(TestNG.java:1057)
	at org.testng.remote.RemoteTestNG.run(RemoteTestNG.java:111)
	at org.testng.remote.RemoteTestNG.initAndRun(RemoteTestNG.java:204)
	at org.testng.remote.RemoteTestNG.main(RemoteTestNG.java:175)
]]>
            </full-stacktrace>
          </exception> <!-- org.openqa.selenium.UnhandledAlertException -->
          <reporter-output>
            <line>
              <![CDATA[--------==[ step 1 ]==--------<br>]]>
            </line>
            <line>
              <![CDATA[Page Login Page appears<br>]]>
            </line>
            <line>
              <![CDATA[TextBoxElement typing 'hlebtemp@gmail.com' <br>]]>
            </line>
            <line>
              <![CDATA[ButtonElement clicking <br>]]>
            </line>
            <line>
              <![CDATA[TextBoxElement typing 'dr71gleb' <br>]]>
            </line>
            <line>
              <![CDATA[ButtonElement clicking <br>]]>
            </line>
            <line>
              <![CDATA[--------==[ step 2 ]==--------<br>]]>
            </line>
            <line>
              <![CDATA[Page Main Page appears<br>]]>
            </line>
            <line>
              <![CDATA[ButtonElement clicking <br>]]>
            </line>
            <line>
              <![CDATA[Page New Message Form appears<br>]]>
            </line>
            <line>
              <![CDATA[TextBoxElement typing 'hlebtemp2@gmail.com' <br>]]>
            </line>
            <line>
              <![CDATA[TextBoxElement typing '8DDXU' <br>]]>
            </line>
            <line>
              <![CDATA[TextBoxElement typing 'PW8S1LRF5GWNDRYJYZ60XX29N33ZNT' <br>]]>
            </line>
            <line>
              <![CDATA[ButtonElement clicking <br>]]>
            </line>
            <line>
              <![CDATA[--------==[ step 3 ]==--------<br>]]>
            </line>
            <line>
              <![CDATA[Page Login Page appears<br>]]>
            </line>
            <line>
              <![CDATA[TextBoxElement typing 'hlebtemp2@gmail.com' <br>]]>
            </line>
            <line>
              <![CDATA[ButtonElement clicking <br>]]>
            </line>
            <line>
              <![CDATA[TextBoxElement typing 'dr71gleb' <br>]]>
            </line>
            <line>
              <![CDATA[ButtonElement clicking <br>]]>
            </line>
            <line>
              <![CDATA[--------==[ step 4 ]==--------<br>]]>
            </line>
            <line>
              <![CDATA[Page Main Page appears<br>]]>
            </line>
            <line>
              <![CDATA[LabelElement clicking <br>]]>
            </line>
            <line>
              <![CDATA[Page Message Page appears<br>]]>
            </line>
            <line>
              <![CDATA[ButtonElement clicking <br>]]>
            </line>
            <line>
              <![CDATA[LabelElement clicking <br>]]>
            </line>
            <line>
              <![CDATA[Page Main Page appears<br>]]>
            </line>
          </reporter-output>
        </test-method> <!-- letterGoToSpam -->
        <test-method status="PASS" signature="after()[pri:0, instance:test.LetterGoToSpam_01@28dcca0c]" name="after" is-config="true" duration-ms="571" started-at="2015-07-14T20:35:48Z" finished-at="2015-07-14T20:35:48Z">
          <reporter-output>
          </reporter-output>
        </test-method> <!-- after -->
      </class> <!-- test.LetterGoToSpam_01 -->
    </test> <!-- Functional Tests -->
  </suite> <!-- Fun Test Plan -->
</testng-results>
