<?xml version="1.0" encoding="UTF-8"?>
<testng-results skipped="0" failed="1" total="1" passed="0">
  <reporter-output>
    <line>
      <![CDATA[Browser is ready<br>]]>
    </line>
    <line>
      <![CDATA[--------==[ step 1 ]==--------<br>]]>
    </line>
  </reporter-output>
  <suite name="Fun Test Plan" duration-ms="2314" started-at="2015-07-13T10:56:41Z" finished-at="2015-07-13T10:56:44Z">
    <groups>
    </groups>
    <test name="Functional Tests" duration-ms="2314" started-at="2015-07-13T10:56:41Z" finished-at="2015-07-13T10:56:44Z">
      <class name="test.LetterGoToSpam_01">
        <test-method status="PASS" signature="before()[pri:0, instance:test.LetterGoToSpam_01@25be7b63]" name="before" is-config="true" duration-ms="23" started-at="2015-07-13T13:56:41Z" finished-at="2015-07-13T13:56:41Z">
          <reporter-output>
          </reporter-output>
        </test-method> <!-- before -->
        <test-method status="FAIL" signature="letterGoToSpam(java.lang.String, java.lang.String, java.lang.String, java.lang.String)[pri:0, instance:test.LetterGoToSpam_01@25be7b63]" name="letterGoToSpam" duration-ms="29" started-at="2015-07-13T13:56:41Z" finished-at="2015-07-13T13:56:41Z">
          <params>
            <param index="0">
              <value>
                <![CDATA[hlebtemp@gmail.com]]>
              </value>
            </param>
            <param index="1">
              <value>
                <![CDATA[dr71gleb]]>
              </value>
            </param>
            <param index="2">
              <value>
                <![CDATA[hlebtemp2@gmail.com]]>
              </value>
            </param>
            <param index="3">
              <value>
                <![CDATA[dr71gleb]]>
              </value>
            </param>
          </params>
          <exception class="java.lang.IllegalArgumentException">
            <message>
              <![CDATA[Can not set webdriver.DecWebElement field test.Pages.LoginPage.txbEmail to com.sun.proxy.$Proxy7]]>
            </message>
            <full-stacktrace>
              <![CDATA[java.lang.IllegalArgumentException: Can not set webdriver.DecWebElement field test.Pages.LoginPage.txbEmail to com.sun.proxy.$Proxy7
	at sun.reflect.UnsafeFieldAccessorImpl.throwSetIllegalArgumentException(UnsafeFieldAccessorImpl.java:167)
	at sun.reflect.UnsafeFieldAccessorImpl.throwSetIllegalArgumentException(UnsafeFieldAccessorImpl.java:171)
	at sun.reflect.UnsafeObjectFieldAccessorImpl.set(UnsafeObjectFieldAccessorImpl.java:81)
	at java.lang.reflect.Field.set(Field.java:764)
	at org.openqa.selenium.support.PageFactory.proxyFields(PageFactory.java:116)
	at org.openqa.selenium.support.PageFactory.initElements(PageFactory.java:104)
	at test.Pages.LoginPage.<init>(LoginPage.java:31)
	at test.Steps.Steps.loginGmail(Steps.java:11)
	at test.LetterGoToSpam_01.letterGoToSpam(LetterGoToSpam_01.java:16)
	at sun.reflect.NativeMethodAccessorImpl.invoke0(Native Method)
	at sun.reflect.NativeMethodAccessorImpl.invoke(NativeMethodAccessorImpl.java:62)
	at sun.reflect.DelegatingMethodAccessorImpl.invoke(DelegatingMethodAccessorImpl.java:43)
	at java.lang.reflect.Method.invoke(Method.java:497)
	at org.testng.internal.MethodInvocationHelper.invokeMethod(MethodInvocationHelper.java:84)
	at org.testng.internal.Invoker.invokeMethod(Invoker.java:714)
	at org.testng.internal.Invoker.invokeTestMethod(Invoker.java:901)
	at org.testng.internal.Invoker.invokeTestMethods(Invoker.java:1231)
	at org.testng.internal.TestMethodWorker.invokeTestMethods(TestMethodWorker.java:127)
	at org.testng.internal.TestMethodWorker.run(TestMethodWorker.java:111)
	at org.testng.TestRunner.privateRun(TestRunner.java:767)
	at org.testng.TestRunner.run(TestRunner.java:617)
	at org.testng.SuiteRunner.runTest(SuiteRunner.java:348)
	at org.testng.SuiteRunner.runSequentially(SuiteRunner.java:343)
	at org.testng.SuiteRunner.privateRun(SuiteRunner.java:305)
	at org.testng.SuiteRunner.run(SuiteRunner.java:254)
	at org.testng.SuiteRunnerWorker.runSuite(SuiteRunnerWorker.java:52)
	at org.testng.SuiteRunnerWorker.run(SuiteRunnerWorker.java:86)
	at org.testng.TestNG.runSuitesSequentially(TestNG.java:1224)
	at org.testng.TestNG.runSuitesLocally(TestNG.java:1149)
	at org.testng.TestNG.run(TestNG.java:1057)
	at org.testng.remote.RemoteTestNG.run(RemoteTestNG.java:111)
	at org.testng.remote.RemoteTestNG.initAndRun(RemoteTestNG.java:204)
	at org.testng.remote.RemoteTestNG.main(RemoteTestNG.java:175)
]]>
            </full-stacktrace>
          </exception> <!-- java.lang.IllegalArgumentException -->
          <reporter-output>
            <line>
              <![CDATA[--------==[ step 1 ]==--------<br>]]>
            </line>
          </reporter-output>
        </test-method> <!-- letterGoToSpam -->
        <test-method status="PASS" signature="after()[pri:0, instance:test.LetterGoToSpam_01@25be7b63]" name="after" is-config="true" duration-ms="2200" started-at="2015-07-13T13:56:41Z" finished-at="2015-07-13T13:56:44Z">
          <reporter-output>
          </reporter-output>
        </test-method> <!-- after -->
      </class> <!-- test.LetterGoToSpam_01 -->
    </test> <!-- Functional Tests -->
  </suite> <!-- Fun Test Plan -->
</testng-results>
