<?xml version="1.0" encoding="UTF-8"?>
<testng-results skipped="0" failed="1" total="1" passed="0">
  <reporter-output>
    <line>
      <![CDATA[Browser is ready<br>]]>
    </line>
    <line>
      <![CDATA[==========  Test case: 'test.LetterGoToSpam_01' ==========<br>]]>
    </line>
    <line>
      <![CDATA[--------==[ step 1 ]==--------<br>]]>
    </line>
    <line>
      <![CDATA[Page Login Page appears<br>]]>
    </line>
    <line>
      <![CDATA[TextBoxElement typing 'hlebtemp@gmail.com' <br>]]>
    </line>
    <line>
      <![CDATA[ButtonElement clicking <br>]]>
    </line>
    <line>
      <![CDATA[TextBoxElement typing 'dr71gleb' <br>]]>
    </line>
    <line>
      <![CDATA[ButtonElement clicking <br>]]>
    </line>
    <line>
      <![CDATA[--------==[ step 2 ]==--------<br>]]>
    </line>
    <line>
      <![CDATA[Page Main Page appears<br>]]>
    </line>
    <line>
      <![CDATA[ButtonElement clicking <br>]]>
    </line>
    <line>
      <![CDATA[Page New Message Form appears<br>]]>
    </line>
    <line>
      <![CDATA[TextBoxElement typing 'hlebtemp2@gmail.com' <br>]]>
    </line>
    <line>
      <![CDATA[TextBoxElement typing 'DCK8J' <br>]]>
    </line>
    <line>
      <![CDATA[TextBoxElement typing 'E6VQC OIF TJY4E0C88WFD5ILNIXO9' <br>]]>
    </line>
    <line>
      <![CDATA[ButtonElement clicking <br>]]>
    </line>
    <line>
      <![CDATA[--------==[ step 3 ]==--------<br>]]>
    </line>
    <line>
      <![CDATA[Page Login Page appears<br>]]>
    </line>
    <line>
      <![CDATA[TextBoxElement typing 'hlebtemp2@gmail.com' <br>]]>
    </line>
    <line>
      <![CDATA[ButtonElement clicking <br>]]>
    </line>
    <line>
      <![CDATA[TextBoxElement typing 'dr71gleb' <br>]]>
    </line>
    <line>
      <![CDATA[ButtonElement clicking <br>]]>
    </line>
    <line>
      <![CDATA[--------==[ step 4 ]==--------<br>]]>
    </line>
    <line>
      <![CDATA[Page Main Page appears<br>]]>
    </line>
    <line>
      <![CDATA[LabelElement clicking <br>]]>
    </line>
    <line>
      <![CDATA[Page Message Page appears<br>]]>
    </line>
    <line>
      <![CDATA[ButtonElement clicking <br>]]>
    </line>
    <line>
      <![CDATA[LabelElement clicking <br>]]>
    </line>
    <line>
      <![CDATA[--------==[ step 5 ]==--------<br>]]>
    </line>
    <line>
      <![CDATA[Page Login Page appears<br>]]>
    </line>
    <line>
      <![CDATA[TextBoxElement typing 'hlebtemp@gmail.com' <br>]]>
    </line>
    <line>
      <![CDATA[ButtonElement clicking <br>]]>
    </line>
    <line>
      <![CDATA[TextBoxElement typing 'dr71gleb' <br>]]>
    </line>
    <line>
      <![CDATA[ButtonElement clicking <br>]]>
    </line>
    <line>
      <![CDATA[--------==[ step 6 ]==--------<br>]]>
    </line>
    <line>
      <![CDATA[Page Main Page appears<br>]]>
    </line>
    <line>
      <![CDATA[ButtonElement clicking <br>]]>
    </line>
    <line>
      <![CDATA[Page New Message Form appears<br>]]>
    </line>
    <line>
      <![CDATA[TextBoxElement typing 'hlebtemp2@gmail.com' <br>]]>
    </line>
    <line>
      <![CDATA[TextBoxElement typing 'DCK8J' <br>]]>
    </line>
    <line>
      <![CDATA[TextBoxElement typing 'E6VQC OIF TJY4E0C88WFD5ILNIXO9' <br>]]>
    </line>
    <line>
      <![CDATA[ButtonElement clicking <br>]]>
    </line>
    <line>
      <![CDATA[--------==[ step 7 ]==--------<br>]]>
    </line>
    <line>
      <![CDATA[Page Login Page appears<br>]]>
    </line>
    <line>
      <![CDATA[TextBoxElement typing 'hlebtemp2@gmail.com' <br>]]>
    </line>
    <line>
      <![CDATA[ButtonElement clicking <br>]]>
    </line>
    <line>
      <![CDATA[TextBoxElement typing 'dr71gleb' <br>]]>
    </line>
    <line>
      <![CDATA[ButtonElement clicking <br>]]>
    </line>
    <line>
      <![CDATA[--------==[ step 8 ]==--------<br>]]>
    </line>
    <line>
      <![CDATA[Page Spam Page appears<br>]]>
    </line>
    <line>
      <![CDATA[<div class="failedConfig">Letter doesn't in spam!</div><br>]]>
    </line>
    <line>
      <![CDATA[driver is quit<br>]]>
    </line>
    <line>
      <![CDATA[Browser is ready<br>]]>
    </line>
  </reporter-output>
  <suite name="Fun Test Plan" duration-ms="103824" started-at="2015-07-16T09:36:52Z" finished-at="2015-07-16T09:38:36Z">
    <groups>
    </groups>
    <test name="Functional Tests" duration-ms="103824" started-at="2015-07-16T09:36:52Z" finished-at="2015-07-16T09:38:36Z">
      <class name="test.LetterGoToSpam_01">
        <test-method status="PASS" signature="startTest()[pri:0, instance:test.LetterGoToSpam_01@52f27fbd]" name="startTest" is-config="true" duration-ms="12" started-at="2015-07-16T12:36:52Z" finished-at="2015-07-16T12:36:52Z">
          <reporter-output>
            <line>
              <![CDATA[==========  Test case: 'test.LetterGoToSpam_01' ==========<br>]]>
            </line>
          </reporter-output>
        </test-method> <!-- startTest -->
        <test-method status="PASS" signature="beforeSpamTest(java.lang.String, java.lang.String, java.lang.String, java.lang.String)[pri:0, instance:test.LetterGoToSpam_01@52f27fbd]" name="beforeSpamTest" is-config="true" duration-ms="1" started-at="2015-07-16T12:36:52Z" depends-on-methods="webdriver.BaseTest.startTest" finished-at="2015-07-16T12:36:52Z">
          <params>
            <param index="0">
              <value>
                <![CDATA[hlebtemp@gmail.com]]>
              </value>
            </param>
            <param index="1">
              <value>
                <![CDATA[dr71gleb]]>
              </value>
            </param>
            <param index="2">
              <value>
                <![CDATA[hlebtemp2@gmail.com]]>
              </value>
            </param>
            <param index="3">
              <value>
                <![CDATA[dr71gleb]]>
              </value>
            </param>
          </params>
          <reporter-output>
          </reporter-output>
        </test-method> <!-- beforeSpamTest -->
        <test-method status="PASS" signature="before()[pri:0, instance:test.LetterGoToSpam_01@52f27fbd]" name="before" is-config="true" duration-ms="1" started-at="2015-07-16T12:36:52Z" finished-at="2015-07-16T12:36:52Z">
          <reporter-output>
          </reporter-output>
        </test-method> <!-- before -->
        <test-method status="FAIL" signature="letterGoToSpam()[pri:0, instance:test.LetterGoToSpam_01@52f27fbd]" name="letterGoToSpam" duration-ms="66266" started-at="2015-07-16T12:36:52Z" finished-at="2015-07-16T12:37:59Z">
          <exception class="java.lang.AssertionError">
            <message>
              <![CDATA[Letter doesn't in spam! expected [true] but found [false]]]>
            </message>
            <full-stacktrace>
              <![CDATA[java.lang.AssertionError: Letter doesn't in spam! expected [true] but found [false]
	at org.testng.Assert.fail(Assert.java:94)
	at org.testng.Assert.failNotEquals(Assert.java:494)
	at org.testng.Assert.assertTrue(Assert.java:42)
	at webdriver.Logger.fatal(Logger.java:131)
	at webdriver.BaseEntity.fatal(BaseEntity.java:72)
	at webdriver.Asserts.assertTrue(Asserts.java:19)
	at test.LetterGoToSpam_01.letterGoToSpam(LetterGoToSpam_01.java:63)
	at sun.reflect.NativeMethodAccessorImpl.invoke0(Native Method)
	at sun.reflect.NativeMethodAccessorImpl.invoke(NativeMethodAccessorImpl.java:62)
	at sun.reflect.DelegatingMethodAccessorImpl.invoke(DelegatingMethodAccessorImpl.java:43)
	at java.lang.reflect.Method.invoke(Method.java:497)
	at org.testng.internal.MethodInvocationHelper.invokeMethod(MethodInvocationHelper.java:84)
	at org.testng.internal.Invoker.invokeMethod(Invoker.java:714)
	at org.testng.internal.Invoker.invokeTestMethod(Invoker.java:901)
	at org.testng.internal.Invoker.invokeTestMethods(Invoker.java:1231)
	at org.testng.internal.TestMethodWorker.invokeTestMethods(TestMethodWorker.java:127)
	at org.testng.internal.TestMethodWorker.run(TestMethodWorker.java:111)
	at org.testng.TestRunner.privateRun(TestRunner.java:767)
	at org.testng.TestRunner.run(TestRunner.java:617)
	at org.testng.SuiteRunner.runTest(SuiteRunner.java:348)
	at org.testng.SuiteRunner.runSequentially(SuiteRunner.java:343)
	at org.testng.SuiteRunner.privateRun(SuiteRunner.java:305)
	at org.testng.SuiteRunner.run(SuiteRunner.java:254)
	at org.testng.SuiteRunnerWorker.runSuite(SuiteRunnerWorker.java:52)
	at org.testng.SuiteRunnerWorker.run(SuiteRunnerWorker.java:86)
	at org.testng.TestNG.runSuitesSequentially(TestNG.java:1224)
	at org.testng.TestNG.runSuitesLocally(TestNG.java:1149)
	at org.testng.TestNG.run(TestNG.java:1057)
	at org.testng.remote.RemoteTestNG.run(RemoteTestNG.java:111)
	at org.testng.remote.RemoteTestNG.initAndRun(RemoteTestNG.java:204)
	at org.testng.remote.RemoteTestNG.main(RemoteTestNG.java:175)
]]>
            </full-stacktrace>
          </exception> <!-- java.lang.AssertionError -->
          <reporter-output>
            <line>
              <![CDATA[--------==[ step 1 ]==--------<br>]]>
            </line>
            <line>
              <![CDATA[Page Login Page appears<br>]]>
            </line>
            <line>
              <![CDATA[TextBoxElement typing 'hlebtemp@gmail.com' <br>]]>
            </line>
            <line>
              <![CDATA[ButtonElement clicking <br>]]>
            </line>
            <line>
              <![CDATA[TextBoxElement typing 'dr71gleb' <br>]]>
            </line>
            <line>
              <![CDATA[ButtonElement clicking <br>]]>
            </line>
            <line>
              <![CDATA[--------==[ step 2 ]==--------<br>]]>
            </line>
            <line>
              <![CDATA[Page Main Page appears<br>]]>
            </line>
            <line>
              <![CDATA[ButtonElement clicking <br>]]>
            </line>
            <line>
              <![CDATA[Page New Message Form appears<br>]]>
            </line>
            <line>
              <![CDATA[TextBoxElement typing 'hlebtemp2@gmail.com' <br>]]>
            </line>
            <line>
              <![CDATA[TextBoxElement typing 'DCK8J' <br>]]>
            </line>
            <line>
              <![CDATA[TextBoxElement typing 'E6VQC OIF TJY4E0C88WFD5ILNIXO9' <br>]]>
            </line>
            <line>
              <![CDATA[ButtonElement clicking <br>]]>
            </line>
            <line>
              <![CDATA[--------==[ step 3 ]==--------<br>]]>
            </line>
            <line>
              <![CDATA[Page Login Page appears<br>]]>
            </line>
            <line>
              <![CDATA[TextBoxElement typing 'hlebtemp2@gmail.com' <br>]]>
            </line>
            <line>
              <![CDATA[ButtonElement clicking <br>]]>
            </line>
            <line>
              <![CDATA[TextBoxElement typing 'dr71gleb' <br>]]>
            </line>
            <line>
              <![CDATA[ButtonElement clicking <br>]]>
            </line>
            <line>
              <![CDATA[--------==[ step 4 ]==--------<br>]]>
            </line>
            <line>
              <![CDATA[Page Main Page appears<br>]]>
            </line>
            <line>
              <![CDATA[LabelElement clicking <br>]]>
            </line>
            <line>
              <![CDATA[Page Message Page appears<br>]]>
            </line>
            <line>
              <![CDATA[ButtonElement clicking <br>]]>
            </line>
            <line>
              <![CDATA[LabelElement clicking <br>]]>
            </line>
            <line>
              <![CDATA[--------==[ step 5 ]==--------<br>]]>
            </line>
            <line>
              <![CDATA[Page Login Page appears<br>]]>
            </line>
            <line>
              <![CDATA[TextBoxElement typing 'hlebtemp@gmail.com' <br>]]>
            </line>
            <line>
              <![CDATA[ButtonElement clicking <br>]]>
            </line>
            <line>
              <![CDATA[TextBoxElement typing 'dr71gleb' <br>]]>
            </line>
            <line>
              <![CDATA[ButtonElement clicking <br>]]>
            </line>
            <line>
              <![CDATA[--------==[ step 6 ]==--------<br>]]>
            </line>
            <line>
              <![CDATA[Page Main Page appears<br>]]>
            </line>
            <line>
              <![CDATA[ButtonElement clicking <br>]]>
            </line>
            <line>
              <![CDATA[Page New Message Form appears<br>]]>
            </line>
            <line>
              <![CDATA[TextBoxElement typing 'hlebtemp2@gmail.com' <br>]]>
            </line>
            <line>
              <![CDATA[TextBoxElement typing 'DCK8J' <br>]]>
            </line>
            <line>
              <![CDATA[TextBoxElement typing 'E6VQC OIF TJY4E0C88WFD5ILNIXO9' <br>]]>
            </line>
            <line>
              <![CDATA[ButtonElement clicking <br>]]>
            </line>
            <line>
              <![CDATA[--------==[ step 7 ]==--------<br>]]>
            </line>
            <line>
              <![CDATA[Page Login Page appears<br>]]>
            </line>
            <line>
              <![CDATA[TextBoxElement typing 'hlebtemp2@gmail.com' <br>]]>
            </line>
            <line>
              <![CDATA[ButtonElement clicking <br>]]>
            </line>
            <line>
              <![CDATA[TextBoxElement typing 'dr71gleb' <br>]]>
            </line>
            <line>
              <![CDATA[ButtonElement clicking <br>]]>
            </line>
            <line>
              <![CDATA[--------==[ step 8 ]==--------<br>]]>
            </line>
            <line>
              <![CDATA[Page Spam Page appears<br>]]>
            </line>
            <line>
              <![CDATA[<div class="failedConfig">Letter doesn't in spam!</div><br>]]>
            </line>
          </reporter-output>
        </test-method> <!-- letterGoToSpam -->
        <test-method status="PASS" signature="after()[pri:0, instance:test.LetterGoToSpam_01@52f27fbd]" name="after" is-config="true" duration-ms="606" started-at="2015-07-16T12:37:59Z" finished-at="2015-07-16T12:37:59Z">
          <reporter-output>
            <line>
              <![CDATA[driver is quit<br>]]>
            </line>
          </reporter-output>
        </test-method> <!-- after -->
        <test-method status="FAIL" signature="afterSpamTest()[pri:0, instance:test.LetterGoToSpam_01@52f27fbd]" name="afterSpamTest" is-config="true" duration-ms="0" started-at="2015-07-16T12:37:59Z" finished-at="2015-07-16T12:37:59Z">
          <exception class="org.openqa.selenium.NoSuchElementException">
            <message>
              <![CDATA[Unable to locate element: {"method":"xpath","selector":"//div[@class='ya']"}
Command duration or timeout: 30.15 seconds
For documentation on this error, please visit: http://seleniumhq.org/exceptions/no_such_element.html
Build info: version: '2.46.0', revision: '61506a4624b13675f24581e453592342b7485d71', time: '2015-06-04 10:22:50'
System info: host: 'EPBYMINW2701', ip: '10.6.102.41', os.name: 'Windows 7', os.arch: 'amd64', os.version: '6.1', java.version: '1.8.0_45'
Driver info: org.openqa.selenium.firefox.FirefoxDriver
Capabilities [{applicationCacheEnabled=true, rotatable=false, handlesAlerts=true, databaseEnabled=true, version=35.0.1, platform=WINDOWS, nativeEvents=false, acceptSslCerts=true, webStorageEnabled=true, locationContextEnabled=true, browserName=firefox, takesScreenshot=true, javascriptEnabled=true, cssSelectorsEnabled=true}]
Session ID: 5f5d3e3c-5193-4593-b0c9-68cf04fbff1f
*** Element info: {Using=xpath, value=//div[@class='ya']}]]>
            </message>
            <full-stacktrace>
              <![CDATA[org.openqa.selenium.NoSuchElementException: Unable to locate element: {"method":"xpath","selector":"//div[@class='ya']"}
Command duration or timeout: 30.15 seconds
For documentation on this error, please visit: http://seleniumhq.org/exceptions/no_such_element.html
Build info: version: '2.46.0', revision: '61506a4624b13675f24581e453592342b7485d71', time: '2015-06-04 10:22:50'
System info: host: 'EPBYMINW2701', ip: '10.6.102.41', os.name: 'Windows 7', os.arch: 'amd64', os.version: '6.1', java.version: '1.8.0_45'
Driver info: org.openqa.selenium.firefox.FirefoxDriver
Capabilities [{applicationCacheEnabled=true, rotatable=false, handlesAlerts=true, databaseEnabled=true, version=35.0.1, platform=WINDOWS, nativeEvents=false, acceptSslCerts=true, webStorageEnabled=true, locationContextEnabled=true, browserName=firefox, takesScreenshot=true, javascriptEnabled=true, cssSelectorsEnabled=true}]
Session ID: 5f5d3e3c-5193-4593-b0c9-68cf04fbff1f
*** Element info: {Using=xpath, value=//div[@class='ya']}
	at sun.reflect.NativeConstructorAccessorImpl.newInstance0(Native Method)
	at sun.reflect.NativeConstructorAccessorImpl.newInstance(NativeConstructorAccessorImpl.java:62)
	at sun.reflect.DelegatingConstructorAccessorImpl.newInstance(DelegatingConstructorAccessorImpl.java:45)
	at java.lang.reflect.Constructor.newInstance(Constructor.java:422)
	at org.openqa.selenium.remote.ErrorHandler.createThrowable(ErrorHandler.java:204)
	at org.openqa.selenium.remote.ErrorHandler.throwIfResponseFailed(ErrorHandler.java:156)
	at org.openqa.selenium.remote.RemoteWebDriver.execute(RemoteWebDriver.java:605)
	at org.openqa.selenium.remote.RemoteWebDriver.findElement(RemoteWebDriver.java:358)
	at org.openqa.selenium.remote.RemoteWebDriver.findElementByXPath(RemoteWebDriver.java:455)
	at org.openqa.selenium.By$ByXPath.findElement(By.java:358)
	at org.openqa.selenium.remote.RemoteWebDriver.findElement(RemoteWebDriver.java:350)
	at webdriver.elements.BaseElement.<init>(BaseElement.java:31)
	at webdriver.elements.LabelElement.<init>(LabelElement.java:15)
	at webdriver.BasePage.assertIsOpen(BasePage.java:21)
	at webdriver.BasePage.<init>(BasePage.java:16)
	at test.Pages.MainPage.<init>(MainPage.java:24)
	at test.Pages.SpamPage.<init>(SpamPage.java:11)
	at test.Steps.Steps.returnMessageFromSpam(Steps.java:75)
	at test.LetterGoToSpam_01.afterSpamTest(LetterGoToSpam_01.java:69)
	at sun.reflect.NativeMethodAccessorImpl.invoke0(Native Method)
	at sun.reflect.NativeMethodAccessorImpl.invoke(NativeMethodAccessorImpl.java:62)
	at sun.reflect.DelegatingMethodAccessorImpl.invoke(DelegatingMethodAccessorImpl.java:43)
	at java.lang.reflect.Method.invoke(Method.java:497)
	at org.testng.internal.MethodInvocationHelper.invokeMethod(MethodInvocationHelper.java:84)
	at org.testng.internal.Invoker.invokeConfigurationMethod(Invoker.java:564)
	at org.testng.internal.Invoker.invokeConfigurations(Invoker.java:213)
	at org.testng.internal.Invoker.invokeConfigurations(Invoker.java:138)
	at org.testng.TestRunner.afterRun(TestRunner.java:1014)
	at org.testng.TestRunner.run(TestRunner.java:621)
	at org.testng.SuiteRunner.runTest(SuiteRunner.java:348)
	at org.testng.SuiteRunner.runSequentially(SuiteRunner.java:343)
	at org.testng.SuiteRunner.privateRun(SuiteRunner.java:305)
	at org.testng.SuiteRunner.run(SuiteRunner.java:254)
	at org.testng.SuiteRunnerWorker.runSuite(SuiteRunnerWorker.java:52)
	at org.testng.SuiteRunnerWorker.run(SuiteRunnerWorker.java:86)
	at org.testng.TestNG.runSuitesSequentially(TestNG.java:1224)
	at org.testng.TestNG.runSuitesLocally(TestNG.java:1149)
	at org.testng.TestNG.run(TestNG.java:1057)
	at org.testng.remote.RemoteTestNG.run(RemoteTestNG.java:111)
	at org.testng.remote.RemoteTestNG.initAndRun(RemoteTestNG.java:204)
	at org.testng.remote.RemoteTestNG.main(RemoteTestNG.java:175)
Caused by: org.openqa.selenium.NoSuchElementException: Unable to locate element: {"method":"xpath","selector":"//div[@class='ya']"}
For documentation on this error, please visit: http://seleniumhq.org/exceptions/no_such_element.html
Build info: version: '2.46.0', revision: '61506a4624b13675f24581e453592342b7485d71', time: '2015-06-04 10:22:50'
System info: host: 'EPBYMINW2701', ip: '10.6.102.41', os.name: 'Windows 7', os.arch: 'amd64', os.version: '6.1', java.version: '1.8.0_45'
Driver info: driver.version: unknown
	at <anonymous class>.FirefoxDriver.prototype.findElementInternal_(file:///C:/Users/Hleb_Halkouski/AppData/Local/Temp/anonymous6950177766144639762webdriver-profile/extensions/fxdriver@googlecode.com/components/driver-component.js:10299)
	at <anonymous class>.fxdriver.Timer.prototype.setTimeout/<.notify(file:///C:/Users/Hleb_Halkouski/AppData/Local/Temp/anonymous6950177766144639762webdriver-profile/extensions/fxdriver@googlecode.com/components/driver-component.js:603)
]]>
            </full-stacktrace>
          </exception> <!-- org.openqa.selenium.NoSuchElementException -->
          <reporter-output>
            <line>
              <![CDATA[Browser is ready<br>]]>
            </line>
          </reporter-output>
        </test-method> <!-- afterSpamTest -->
      </class> <!-- test.LetterGoToSpam_01 -->
    </test> <!-- Functional Tests -->
  </suite> <!-- Fun Test Plan -->
</testng-results>
