<?xml version="1.0" encoding="UTF-8"?>
<testng-results skipped="0" failed="0" total="1" passed="1">
  <reporter-output>
    <line>
      <![CDATA[Browser is ready<br>]]>
    </line>
    <line>
      <![CDATA[==========  Test case: 'Themes_04' ==========<br>]]>
    </line>
    <line>
      <![CDATA[Precondition: <br>]]>
    </line>
    <line>
      <![CDATA[Page Login Page appears<br>]]>
    </line>
    <line>
      <![CDATA[TextBoxElement typing 'hlebtemp@gmail.com' <br>]]>
    </line>
    <line>
      <![CDATA[ButtonElement clicking <br>]]>
    </line>
    <line>
      <![CDATA[TextBoxElement typing 'dr71gleb' <br>]]>
    </line>
    <line>
      <![CDATA[ButtonElement clicking <br>]]>
    </line>
    <line>
      <![CDATA[--------==[ step 1 ]==--------<br>]]>
    </line>
    <line>
      <![CDATA[Page Main Page appears<br>]]>
    </line>
    <line>
      <![CDATA[ButtonElement clicking <br>]]>
    </line>
    <line>
      <![CDATA[--------==[ step 2 ]==--------<br>]]>
    </line>
    <line>
      <![CDATA[Page Main Page appears<br>]]>
    </line>
    <line>
      <![CDATA[LabelElement clicking <br>]]>
    </line>
    <line>
      <![CDATA[--------==[ step 5 ]==--------<br>]]>
    </line>
    <line>
      <![CDATA[Page Theme Page appears<br>]]>
    </line>
    <line>
      <![CDATA[ButtonElement clicking <br>]]>
    </line>
    <line>
      <![CDATA[ButtonElement clicking <br>]]>
    </line>
    <line>
      <![CDATA[ButtonElement clicking <br>]]>
    </line>
    <line>
      <![CDATA[--------==[ step 6 ]==--------<br>]]>
    </line>
    <line>
      <![CDATA[Uploading file: C:\Users\Hleb_Halkouski\git\GmailTest\RandomFile.txt<br>]]>
    </line>
    <line>
      <![CDATA[Page Theme Page appears<br>]]>
    </line>
    <line>
      <![CDATA[Assert true: Upload error is present<br>]]>
    </line>
    <line>
      <![CDATA[driver is quit<br>]]>
    </line>
  </reporter-output>
  <suite name="Fun Test Plan" duration-ms="31237" started-at="2015-07-17T17:50:36Z" finished-at="2015-07-17T17:51:07Z">
    <groups>
    </groups>
    <test name="Functional Tests" duration-ms="31237" started-at="2015-07-17T17:50:36Z" finished-at="2015-07-17T17:51:07Z">
      <class name="test.Themes_04">
        <test-method status="PASS" signature="startTest()[pri:0, instance:test.Themes_04@4bdeaabb]" name="startTest" is-config="true" duration-ms="13" started-at="2015-07-17T20:50:36Z" finished-at="2015-07-17T20:50:36Z">
          <reporter-output>
            <line>
              <![CDATA[==========  Test case: 'Themes_04' ==========<br>]]>
            </line>
          </reporter-output>
        </test-method> <!-- startTest -->
        <test-method status="PASS" signature="beforeMainMailBoxPageTest(java.lang.String, java.lang.String)[pri:0, instance:test.Themes_04@4bdeaabb]" name="beforeMainMailBoxPageTest" is-config="true" duration-ms="2957" started-at="2015-07-17T20:50:36Z" depends-on-methods="webdriver.BaseTest.startTest" finished-at="2015-07-17T20:50:39Z">
          <params>
            <param index="0">
              <value>
                <![CDATA[hlebtemp@gmail.com]]>
              </value>
            </param>
            <param index="1">
              <value>
                <![CDATA[dr71gleb]]>
              </value>
            </param>
          </params>
          <reporter-output>
            <line>
              <![CDATA[Precondition: <br>]]>
            </line>
            <line>
              <![CDATA[Page Login Page appears<br>]]>
            </line>
            <line>
              <![CDATA[TextBoxElement typing 'hlebtemp@gmail.com' <br>]]>
            </line>
            <line>
              <![CDATA[ButtonElement clicking <br>]]>
            </line>
            <line>
              <![CDATA[TextBoxElement typing 'dr71gleb' <br>]]>
            </line>
            <line>
              <![CDATA[ButtonElement clicking <br>]]>
            </line>
          </reporter-output>
        </test-method> <!-- beforeMainMailBoxPageTest -->
        <test-method status="PASS" signature="before()[pri:0, instance:test.Themes_04@4bdeaabb]" name="before" is-config="true" duration-ms="0" started-at="2015-07-17T20:50:39Z" finished-at="2015-07-17T20:50:39Z">
          <reporter-output>
          </reporter-output>
        </test-method> <!-- before -->
        <test-method status="PASS" signature="ThemesTest()[pri:0, instance:test.Themes_04@4bdeaabb]" name="ThemesTest" duration-ms="25743" started-at="2015-07-17T20:50:39Z" finished-at="2015-07-17T20:51:05Z">
          <reporter-output>
            <line>
              <![CDATA[--------==[ step 1 ]==--------<br>]]>
            </line>
            <line>
              <![CDATA[Page Main Page appears<br>]]>
            </line>
            <line>
              <![CDATA[ButtonElement clicking <br>]]>
            </line>
            <line>
              <![CDATA[--------==[ step 2 ]==--------<br>]]>
            </line>
            <line>
              <![CDATA[Page Main Page appears<br>]]>
            </line>
            <line>
              <![CDATA[LabelElement clicking <br>]]>
            </line>
            <line>
              <![CDATA[--------==[ step 5 ]==--------<br>]]>
            </line>
            <line>
              <![CDATA[Page Theme Page appears<br>]]>
            </line>
            <line>
              <![CDATA[ButtonElement clicking <br>]]>
            </line>
            <line>
              <![CDATA[ButtonElement clicking <br>]]>
            </line>
            <line>
              <![CDATA[ButtonElement clicking <br>]]>
            </line>
            <line>
              <![CDATA[--------==[ step 6 ]==--------<br>]]>
            </line>
            <line>
              <![CDATA[Uploading file: C:\Users\Hleb_Halkouski\git\GmailTest\RandomFile.txt<br>]]>
            </line>
            <line>
              <![CDATA[Page Theme Page appears<br>]]>
            </line>
            <line>
              <![CDATA[Assert true: Upload error is present<br>]]>
            </line>
          </reporter-output>
        </test-method> <!-- ThemesTest -->
        <test-method status="PASS" signature="after()[pri:0, instance:test.Themes_04@4bdeaabb]" name="after" is-config="true" duration-ms="2509" started-at="2015-07-17T20:51:05Z" finished-at="2015-07-17T20:51:07Z">
          <reporter-output>
            <line>
              <![CDATA[driver is quit<br>]]>
            </line>
          </reporter-output>
        </test-method> <!-- after -->
      </class> <!-- test.Themes_04 -->
    </test> <!-- Functional Tests -->
  </suite> <!-- Fun Test Plan -->
</testng-results>
