<?xml version="1.0" encoding="UTF-8"?>
<testng-results skipped="0" failed="1" total="1" passed="0">
  <reporter-output>
    <line>
      <![CDATA[Browser is ready<br>]]>
    </line>
    <line>
      <![CDATA[==========  Test case: 'Forward_02' ==========<br>]]>
    </line>
    <line>
      <![CDATA[==========  Test case: 'Forward_02' ==========<br>]]>
    </line>
    <line>
      <![CDATA[--------==[ step 1 ]==--------<br>]]>
    </line>
    <line>
      <![CDATA[Page Login appears<br>]]>
    </line>
    <line>
      <![CDATA[TextBoxElement typing 'hlebtemp2@gmail.com' <br>]]>
    </line>
    <line>
      <![CDATA[ButtonElement clicking <br>]]>
    </line>
    <line>
      <![CDATA[TextBoxElement typing 'dr71gleb' <br>]]>
    </line>
    <line>
      <![CDATA[ButtonElement clicking <br>]]>
    </line>
    <line>
      <![CDATA[--------==[ steps: 2-3 ]==--------<br>]]>
    </line>
    <line>
      <![CDATA[Page Main appears<br>]]>
    </line>
    <line>
      <![CDATA[ButtonElement clicking <br>]]>
    </line>
    <line>
      <![CDATA[LabelElement clicking <br>]]>
    </line>
    <line>
      <![CDATA[--------==[ steps: 4-5 ]==--------<br>]]>
    </line>
    <line>
      <![CDATA[Page Setting appears<br>]]>
    </line>
    <line>
      <![CDATA[LabelElement clicking <br>]]>
    </line>
    <line>
      <![CDATA[Page Forward appears<br>]]>
    </line>
    <line>
      <![CDATA[ButtonElement clicking <br>]]>
    </line>
    <line>
      <![CDATA[TextBoxElement typing 'hleb3temp@gmail.com' <br>]]>
    </line>
    <line>
      <![CDATA[ButtonElement clicking <br>]]>
    </line>
    <line>
      <![CDATA[ButtonElement clicking <br>]]>
    </line>
    <line>
      <![CDATA[ButtonElement clicking <br>]]>
    </line>
    <line>
      <![CDATA[--------==[ step 6 ]==--------<br>]]>
    </line>
    <line>
      <![CDATA[Page Login appears<br>]]>
    </line>
    <line>
      <![CDATA[TextBoxElement typing 'hleb3temp@gmail.com' <br>]]>
    </line>
    <line>
      <![CDATA[ButtonElement clicking <br>]]>
    </line>
    <line>
      <![CDATA[TextBoxElement typing 'dr71gleb' <br>]]>
    </line>
    <line>
      <![CDATA[ButtonElement clicking <br>]]>
    </line>
    <line>
      <![CDATA[--------==[ step 7 ]==--------<br>]]>
    </line>
    <line>
      <![CDATA[Page Main appears<br>]]>
    </line>
    <line>
      <![CDATA[LabelElement clicking <br>]]>
    </line>
    <line>
      <![CDATA[Page Message appears<br>]]>
    </line>
    <line>
      <![CDATA[LabelElement clicking <br>]]>
    </line>
    <line>
      <![CDATA[--------==[ step 8 ]==--------<br>]]>
    </line>
    <line>
      <![CDATA[Page Login appears<br>]]>
    </line>
    <line>
      <![CDATA[TextBoxElement typing 'hlebtemp2@gmail.com' <br>]]>
    </line>
    <line>
      <![CDATA[ButtonElement clicking <br>]]>
    </line>
    <line>
      <![CDATA[TextBoxElement typing 'dr71gleb' <br>]]>
    </line>
    <line>
      <![CDATA[ButtonElement clicking <br>]]>
    </line>
    <line>
      <![CDATA[--------==[ steps: 9-12 ]==--------<br>]]>
    </line>
    <line>
      <![CDATA[Page Forward appears<br>]]>
    </line>
    <line>
      <![CDATA[========== Postcondition========== <br>]]>
    </line>
    <line>
      <![CDATA[Page Login appears<br>]]>
    </line>
    <line>
      <![CDATA[TextBoxElement typing 'hlebtemp2@gmail.com' <br>]]>
    </line>
    <line>
      <![CDATA[ButtonElement clicking <br>]]>
    </line>
    <line>
      <![CDATA[TextBoxElement typing 'dr71gleb' <br>]]>
    </line>
    <line>
      <![CDATA[ButtonElement clicking <br>]]>
    </line>
    <line>
      <![CDATA[Page Forward appears<br>]]>
    </line>
    <line>
      <![CDATA[driver is quit<br>]]>
    </line>
  </reporter-output>
  <suite name="Test Plan" duration-ms="91841" started-at="2015-07-27T11:17:56Z" finished-at="2015-07-27T11:19:28Z">
    <groups>
    </groups>
    <test name="Smoke Tests" duration-ms="91841" started-at="2015-07-27T11:17:56Z" finished-at="2015-07-27T11:19:28Z">
      <class name="test.Forward_02">
        <test-method status="PASS" signature="before()[pri:0, instance:test.Forward_02@6f53b8a]" name="before" is-config="true" duration-ms="9" started-at="2015-07-27T14:17:56Z" finished-at="2015-07-27T14:17:56Z">
          <reporter-output>
          </reporter-output>
        </test-method> <!-- before -->
        <test-method status="PASS" signature="beforForwardTest(java.lang.String, java.lang.String, java.lang.String, java.lang.String, java.lang.String, java.lang.String)[pri:0, instance:test.Forward_02@6f53b8a]" name="beforForwardTest" is-config="true" duration-ms="3" started-at="2015-07-27T14:17:56Z" finished-at="2015-07-27T14:17:56Z">
          <params>
            <param index="0">
              <value>
                <![CDATA[hlebtemp@gmail.com]]>
              </value>
            </param>
            <param index="1">
              <value>
                <![CDATA[dr71gleb]]>
              </value>
            </param>
            <param index="2">
              <value>
                <![CDATA[hlebtemp2@gmail.com]]>
              </value>
            </param>
            <param index="3">
              <value>
                <![CDATA[dr71gleb]]>
              </value>
            </param>
            <param index="4">
              <value>
                <![CDATA[hleb3temp@gmail.com]]>
              </value>
            </param>
            <param index="5">
              <value>
                <![CDATA[dr71gleb]]>
              </value>
            </param>
          </params>
          <reporter-output>
          </reporter-output>
        </test-method> <!-- beforForwardTest -->
        <test-method status="PASS" signature="startTest()[pri:0, instance:test.Forward_02@6f53b8a]" name="startTest" is-config="true" duration-ms="0" started-at="2015-07-27T14:17:56Z" finished-at="2015-07-27T14:17:56Z">
          <reporter-output>
            <line>
              <![CDATA[==========  Test case: 'Forward_02' ==========<br>]]>
            </line>
            <line>
              <![CDATA[==========  Test case: 'Forward_02' ==========<br>]]>
            </line>
          </reporter-output>
        </test-method> <!-- startTest -->
        <test-method status="FAIL" signature="ForwardTest()[pri:0, instance:test.Forward_02@6f53b8a]" name="ForwardTest" duration-ms="65425" started-at="2015-07-27T14:17:56Z" finished-at="2015-07-27T14:19:02Z">
          <exception class="org.openqa.selenium.ElementNotVisibleException">
            <message>
              <![CDATA[Element is not currently visible and so may not be interacted with
Command duration or timeout: 15.05 seconds
Build info: version: '2.46.0', revision: '61506a4624b13675f24581e453592342b7485d71', time: '2015-06-04 10:22:50'
System info: host: 'EPBYMINW2701', ip: '10.6.102.41', os.name: 'Windows 7', os.arch: 'amd64', os.version: '6.1', java.version: '1.8.0_45'
Driver info: org.openqa.selenium.firefox.FirefoxDriver
Capabilities [{applicationCacheEnabled=true, rotatable=false, handlesAlerts=true, databaseEnabled=true, version=35.0.1, platform=WINDOWS, nativeEvents=false, acceptSslCerts=true, webStorageEnabled=true, locationContextEnabled=true, browserName=firefox, takesScreenshot=true, javascriptEnabled=true, cssSelectorsEnabled=true}]
Session ID: 38bd4203-16ca-4c10-9c19-ef5d55cc916a]]>
            </message>
            <full-stacktrace>
              <![CDATA[org.openqa.selenium.ElementNotVisibleException: Element is not currently visible and so may not be interacted with
Command duration or timeout: 15.05 seconds
Build info: version: '2.46.0', revision: '61506a4624b13675f24581e453592342b7485d71', time: '2015-06-04 10:22:50'
System info: host: 'EPBYMINW2701', ip: '10.6.102.41', os.name: 'Windows 7', os.arch: 'amd64', os.version: '6.1', java.version: '1.8.0_45'
Driver info: org.openqa.selenium.firefox.FirefoxDriver
Capabilities [{applicationCacheEnabled=true, rotatable=false, handlesAlerts=true, databaseEnabled=true, version=35.0.1, platform=WINDOWS, nativeEvents=false, acceptSslCerts=true, webStorageEnabled=true, locationContextEnabled=true, browserName=firefox, takesScreenshot=true, javascriptEnabled=true, cssSelectorsEnabled=true}]
Session ID: 38bd4203-16ca-4c10-9c19-ef5d55cc916a
	at sun.reflect.NativeConstructorAccessorImpl.newInstance0(Native Method)
	at sun.reflect.NativeConstructorAccessorImpl.newInstance(NativeConstructorAccessorImpl.java:62)
	at sun.reflect.DelegatingConstructorAccessorImpl.newInstance(DelegatingConstructorAccessorImpl.java:45)
	at java.lang.reflect.Constructor.newInstance(Constructor.java:422)
	at org.openqa.selenium.remote.ErrorHandler.createThrowable(ErrorHandler.java:204)
	at org.openqa.selenium.remote.ErrorHandler.throwIfResponseFailed(ErrorHandler.java:156)
	at org.openqa.selenium.remote.RemoteWebDriver.execute(RemoteWebDriver.java:605)
	at org.openqa.selenium.remote.RemoteWebElement.execute(RemoteWebElement.java:269)
	at org.openqa.selenium.remote.RemoteWebElement.click(RemoteWebElement.java:80)
	at sun.reflect.NativeMethodAccessorImpl.invoke0(Native Method)
	at sun.reflect.NativeMethodAccessorImpl.invoke(NativeMethodAccessorImpl.java:62)
	at sun.reflect.DelegatingMethodAccessorImpl.invoke(DelegatingMethodAccessorImpl.java:43)
	at java.lang.reflect.Method.invoke(Method.java:497)
	at org.openqa.selenium.support.pagefactory.internal.LocatingElementHandler.invoke(LocatingElementHandler.java:51)
	at com.sun.proxy.$Proxy9.click(Unknown Source)
	at webdriver.elements.BaseElement.click(BaseElement.java:45)
	at test.Pages.ForwardPage.chooseRadioForwardCopy(ForwardPage.java:124)
	at test.Steps.Steps.setForwardSetting(Steps.java:142)
	at test.Forward_02.ForwardTest(Forward_02.java:75)
	at sun.reflect.NativeMethodAccessorImpl.invoke0(Native Method)
	at sun.reflect.NativeMethodAccessorImpl.invoke(NativeMethodAccessorImpl.java:62)
	at sun.reflect.DelegatingMethodAccessorImpl.invoke(DelegatingMethodAccessorImpl.java:43)
	at java.lang.reflect.Method.invoke(Method.java:497)
	at org.testng.internal.MethodInvocationHelper.invokeMethod(MethodInvocationHelper.java:84)
	at org.testng.internal.Invoker.invokeMethod(Invoker.java:714)
	at org.testng.internal.Invoker.invokeTestMethod(Invoker.java:901)
	at org.testng.internal.Invoker.invokeTestMethods(Invoker.java:1231)
	at org.testng.internal.TestMethodWorker.invokeTestMethods(TestMethodWorker.java:127)
	at org.testng.internal.TestMethodWorker.run(TestMethodWorker.java:111)
	at org.testng.TestRunner.privateRun(TestRunner.java:767)
	at org.testng.TestRunner.run(TestRunner.java:617)
	at org.testng.SuiteRunner.runTest(SuiteRunner.java:348)
	at org.testng.SuiteRunner.runSequentially(SuiteRunner.java:343)
	at org.testng.SuiteRunner.privateRun(SuiteRunner.java:305)
	at org.testng.SuiteRunner.run(SuiteRunner.java:254)
	at org.testng.SuiteRunnerWorker.runSuite(SuiteRunnerWorker.java:52)
	at org.testng.SuiteRunnerWorker.run(SuiteRunnerWorker.java:86)
	at org.testng.TestNG.runSuitesSequentially(TestNG.java:1224)
	at org.testng.TestNG.runSuitesLocally(TestNG.java:1149)
	at org.testng.TestNG.run(TestNG.java:1057)
	at org.testng.remote.RemoteTestNG.run(RemoteTestNG.java:111)
	at org.testng.remote.RemoteTestNG.initAndRun(RemoteTestNG.java:204)
	at org.testng.remote.RemoteTestNG.main(RemoteTestNG.java:175)
Caused by: org.openqa.selenium.ElementNotVisibleException: Element is not currently visible and so may not be interacted with
Build info: version: '2.46.0', revision: '61506a4624b13675f24581e453592342b7485d71', time: '2015-06-04 10:22:50'
System info: host: 'EPBYMINW2701', ip: '10.6.102.41', os.name: 'Windows 7', os.arch: 'amd64', os.version: '6.1', java.version: '1.8.0_45'
Driver info: driver.version: unknown
	at <anonymous class>.fxdriver.preconditions.visible(file:///C:/Users/Hleb_Halkouski/AppData/Local/Temp/anonymous7425322062996522192webdriver-profile/extensions/fxdriver@googlecode.com/components/command-processor.js:9615)
	at <anonymous class>.DelayedCommand.prototype.checkPreconditions_(file:///C:/Users/Hleb_Halkouski/AppData/Local/Temp/anonymous7425322062996522192webdriver-profile/extensions/fxdriver@googlecode.com/components/command-processor.js:12265)
	at <anonymous class>.DelayedCommand.prototype.executeInternal_/h(file:///C:/Users/Hleb_Halkouski/AppData/Local/Temp/anonymous7425322062996522192webdriver-profile/extensions/fxdriver@googlecode.com/components/command-processor.js:12282)
	at <anonymous class>.fxdriver.Timer.prototype.setTimeout/<.notify(file:///C:/Users/Hleb_Halkouski/AppData/Local/Temp/anonymous7425322062996522192webdriver-profile/extensions/fxdriver@googlecode.com/components/command-processor.js:603)
]]>
            </full-stacktrace>
          </exception> <!-- org.openqa.selenium.ElementNotVisibleException -->
          <reporter-output>
            <line>
              <![CDATA[--------==[ step 1 ]==--------<br>]]>
            </line>
            <line>
              <![CDATA[Page Login appears<br>]]>
            </line>
            <line>
              <![CDATA[TextBoxElement typing 'hlebtemp2@gmail.com' <br>]]>
            </line>
            <line>
              <![CDATA[ButtonElement clicking <br>]]>
            </line>
            <line>
              <![CDATA[TextBoxElement typing 'dr71gleb' <br>]]>
            </line>
            <line>
              <![CDATA[ButtonElement clicking <br>]]>
            </line>
            <line>
              <![CDATA[--------==[ steps: 2-3 ]==--------<br>]]>
            </line>
            <line>
              <![CDATA[Page Main appears<br>]]>
            </line>
            <line>
              <![CDATA[ButtonElement clicking <br>]]>
            </line>
            <line>
              <![CDATA[LabelElement clicking <br>]]>
            </line>
            <line>
              <![CDATA[--------==[ steps: 4-5 ]==--------<br>]]>
            </line>
            <line>
              <![CDATA[Page Setting appears<br>]]>
            </line>
            <line>
              <![CDATA[LabelElement clicking <br>]]>
            </line>
            <line>
              <![CDATA[Page Forward appears<br>]]>
            </line>
            <line>
              <![CDATA[ButtonElement clicking <br>]]>
            </line>
            <line>
              <![CDATA[TextBoxElement typing 'hleb3temp@gmail.com' <br>]]>
            </line>
            <line>
              <![CDATA[ButtonElement clicking <br>]]>
            </line>
            <line>
              <![CDATA[ButtonElement clicking <br>]]>
            </line>
            <line>
              <![CDATA[ButtonElement clicking <br>]]>
            </line>
            <line>
              <![CDATA[--------==[ step 6 ]==--------<br>]]>
            </line>
            <line>
              <![CDATA[Page Login appears<br>]]>
            </line>
            <line>
              <![CDATA[TextBoxElement typing 'hleb3temp@gmail.com' <br>]]>
            </line>
            <line>
              <![CDATA[ButtonElement clicking <br>]]>
            </line>
            <line>
              <![CDATA[TextBoxElement typing 'dr71gleb' <br>]]>
            </line>
            <line>
              <![CDATA[ButtonElement clicking <br>]]>
            </line>
            <line>
              <![CDATA[--------==[ step 7 ]==--------<br>]]>
            </line>
            <line>
              <![CDATA[Page Main appears<br>]]>
            </line>
            <line>
              <![CDATA[LabelElement clicking <br>]]>
            </line>
            <line>
              <![CDATA[Page Message appears<br>]]>
            </line>
            <line>
              <![CDATA[LabelElement clicking <br>]]>
            </line>
            <line>
              <![CDATA[--------==[ step 8 ]==--------<br>]]>
            </line>
            <line>
              <![CDATA[Page Login appears<br>]]>
            </line>
            <line>
              <![CDATA[TextBoxElement typing 'hlebtemp2@gmail.com' <br>]]>
            </line>
            <line>
              <![CDATA[ButtonElement clicking <br>]]>
            </line>
            <line>
              <![CDATA[TextBoxElement typing 'dr71gleb' <br>]]>
            </line>
            <line>
              <![CDATA[ButtonElement clicking <br>]]>
            </line>
            <line>
              <![CDATA[--------==[ steps: 9-12 ]==--------<br>]]>
            </line>
            <line>
              <![CDATA[Page Forward appears<br>]]>
            </line>
          </reporter-output>
        </test-method> <!-- ForwardTest -->
        <test-method status="FAIL" signature="afterForwardTest()[pri:0, instance:test.Forward_02@6f53b8a]" name="afterForwardTest" is-config="true" duration-ms="0" started-at="2015-07-27T14:19:02Z" finished-at="2015-07-27T14:19:02Z">
          <exception class="org.openqa.selenium.NoSuchElementException">
            <message>
              <![CDATA[Unable to locate element: {"method":"xpath","selector":".//option[contains(text(),'(используется)')]/.."}
Command duration or timeout: 15.10 seconds
For documentation on this error, please visit: http://seleniumhq.org/exceptions/no_such_element.html
Build info: version: '2.46.0', revision: '61506a4624b13675f24581e453592342b7485d71', time: '2015-06-04 10:22:50'
System info: host: 'EPBYMINW2701', ip: '10.6.102.41', os.name: 'Windows 7', os.arch: 'amd64', os.version: '6.1', java.version: '1.8.0_45'
Driver info: org.openqa.selenium.firefox.FirefoxDriver
Capabilities [{applicationCacheEnabled=true, rotatable=false, handlesAlerts=true, databaseEnabled=true, version=35.0.1, platform=WINDOWS, nativeEvents=false, acceptSslCerts=true, webStorageEnabled=true, locationContextEnabled=true, browserName=firefox, takesScreenshot=true, javascriptEnabled=true, cssSelectorsEnabled=true}]
Session ID: 38bd4203-16ca-4c10-9c19-ef5d55cc916a
*** Element info: {Using=xpath, value=.//option[contains(text(),'(используется)')]/..}]]>
            </message>
            <full-stacktrace>
              <![CDATA[org.openqa.selenium.NoSuchElementException: Unable to locate element: {"method":"xpath","selector":".//option[contains(text(),'(используется)')]/.."}
Command duration or timeout: 15.10 seconds
For documentation on this error, please visit: http://seleniumhq.org/exceptions/no_such_element.html
Build info: version: '2.46.0', revision: '61506a4624b13675f24581e453592342b7485d71', time: '2015-06-04 10:22:50'
System info: host: 'EPBYMINW2701', ip: '10.6.102.41', os.name: 'Windows 7', os.arch: 'amd64', os.version: '6.1', java.version: '1.8.0_45'
Driver info: org.openqa.selenium.firefox.FirefoxDriver
Capabilities [{applicationCacheEnabled=true, rotatable=false, handlesAlerts=true, databaseEnabled=true, version=35.0.1, platform=WINDOWS, nativeEvents=false, acceptSslCerts=true, webStorageEnabled=true, locationContextEnabled=true, browserName=firefox, takesScreenshot=true, javascriptEnabled=true, cssSelectorsEnabled=true}]
Session ID: 38bd4203-16ca-4c10-9c19-ef5d55cc916a
*** Element info: {Using=xpath, value=.//option[contains(text(),'(используется)')]/..}
	at sun.reflect.NativeConstructorAccessorImpl.newInstance0(Native Method)
	at sun.reflect.NativeConstructorAccessorImpl.newInstance(NativeConstructorAccessorImpl.java:62)
	at sun.reflect.DelegatingConstructorAccessorImpl.newInstance(DelegatingConstructorAccessorImpl.java:45)
	at java.lang.reflect.Constructor.newInstance(Constructor.java:422)
	at org.openqa.selenium.remote.ErrorHandler.createThrowable(ErrorHandler.java:204)
	at org.openqa.selenium.remote.ErrorHandler.throwIfResponseFailed(ErrorHandler.java:156)
	at org.openqa.selenium.remote.RemoteWebDriver.execute(RemoteWebDriver.java:605)
	at org.openqa.selenium.remote.RemoteWebDriver.findElement(RemoteWebDriver.java:358)
	at org.openqa.selenium.remote.RemoteWebDriver.findElementByXPath(RemoteWebDriver.java:455)
	at org.openqa.selenium.By$ByXPath.findElement(By.java:358)
	at org.openqa.selenium.remote.RemoteWebDriver.findElement(RemoteWebDriver.java:350)
	at org.openqa.selenium.support.pagefactory.DefaultElementLocator.findElement(DefaultElementLocator.java:69)
	at org.openqa.selenium.support.pagefactory.internal.LocatingElementHandler.invoke(LocatingElementHandler.java:38)
	at com.sun.proxy.$Proxy9.getWrappedElement(Unknown Source)
	at org.openqa.selenium.remote.internal.WebElementToJsonConverter.apply(WebElementToJsonConverter.java:49)
	at com.google.common.collect.Iterators$8.transform(Iterators.java:799)
	at com.google.common.collect.TransformedIterator.next(TransformedIterator.java:48)
	at com.google.common.collect.Iterators.addAll(Iterators.java:362)
	at com.google.common.collect.Lists.newArrayList(Lists.java:160)
	at com.google.common.collect.Lists.newArrayList(Lists.java:144)
	at org.openqa.selenium.remote.RemoteWebDriver.executeScript(RemoteWebDriver.java:510)
	at webdriver.elements.BaseElement.pickElementRed(BaseElement.java:51)
	at webdriver.elements.BaseElement.click(BaseElement.java:44)
	at test.Pages.ForwardPage.deleteForward(ForwardPage.java:147)
	at test.Steps.Steps.deleteForward(Steps.java:175)
	at test.Forward_02.afterForwardTest(Forward_02.java:118)
	at sun.reflect.NativeMethodAccessorImpl.invoke0(Native Method)
	at sun.reflect.NativeMethodAccessorImpl.invoke(NativeMethodAccessorImpl.java:62)
	at sun.reflect.DelegatingMethodAccessorImpl.invoke(DelegatingMethodAccessorImpl.java:43)
	at java.lang.reflect.Method.invoke(Method.java:497)
	at org.testng.internal.MethodInvocationHelper.invokeMethod(MethodInvocationHelper.java:84)
	at org.testng.internal.Invoker.invokeConfigurationMethod(Invoker.java:564)
	at org.testng.internal.Invoker.invokeConfigurations(Invoker.java:213)
	at org.testng.internal.Invoker.invokeMethod(Invoker.java:786)
	at org.testng.internal.Invoker.invokeTestMethod(Invoker.java:901)
	at org.testng.internal.Invoker.invokeTestMethods(Invoker.java:1231)
	at org.testng.internal.TestMethodWorker.invokeTestMethods(TestMethodWorker.java:127)
	at org.testng.internal.TestMethodWorker.run(TestMethodWorker.java:111)
	at org.testng.TestRunner.privateRun(TestRunner.java:767)
	at org.testng.TestRunner.run(TestRunner.java:617)
	at org.testng.SuiteRunner.runTest(SuiteRunner.java:348)
	at org.testng.SuiteRunner.runSequentially(SuiteRunner.java:343)
	at org.testng.SuiteRunner.privateRun(SuiteRunner.java:305)
	at org.testng.SuiteRunner.run(SuiteRunner.java:254)
	at org.testng.SuiteRunnerWorker.runSuite(SuiteRunnerWorker.java:52)
	at org.testng.SuiteRunnerWorker.run(SuiteRunnerWorker.java:86)
	at org.testng.TestNG.runSuitesSequentially(TestNG.java:1224)
	at org.testng.TestNG.runSuitesLocally(TestNG.java:1149)
	at org.testng.TestNG.run(TestNG.java:1057)
	at org.testng.remote.RemoteTestNG.run(RemoteTestNG.java:111)
	at org.testng.remote.RemoteTestNG.initAndRun(RemoteTestNG.java:204)
	at org.testng.remote.RemoteTestNG.main(RemoteTestNG.java:175)
Caused by: org.openqa.selenium.NoSuchElementException: Unable to locate element: {"method":"xpath","selector":".//option[contains(text(),'(используется)')]/.."}
For documentation on this error, please visit: http://seleniumhq.org/exceptions/no_such_element.html
Build info: version: '2.46.0', revision: '61506a4624b13675f24581e453592342b7485d71', time: '2015-06-04 10:22:50'
System info: host: 'EPBYMINW2701', ip: '10.6.102.41', os.name: 'Windows 7', os.arch: 'amd64', os.version: '6.1', java.version: '1.8.0_45'
Driver info: driver.version: unknown
	at <anonymous class>.FirefoxDriver.prototype.findElementInternal_(file:///C:/Users/Hleb_Halkouski/AppData/Local/Temp/anonymous7425322062996522192webdriver-profile/extensions/fxdriver@googlecode.com/components/driver-component.js:10299)
	at <anonymous class>.fxdriver.Timer.prototype.setTimeout/<.notify(file:///C:/Users/Hleb_Halkouski/AppData/Local/Temp/anonymous7425322062996522192webdriver-profile/extensions/fxdriver@googlecode.com/components/driver-component.js:603)
]]>
            </full-stacktrace>
          </exception> <!-- org.openqa.selenium.NoSuchElementException -->
          <reporter-output>
            <line>
              <![CDATA[========== Postcondition========== <br>]]>
            </line>
            <line>
              <![CDATA[Page Login appears<br>]]>
            </line>
            <line>
              <![CDATA[TextBoxElement typing 'hlebtemp2@gmail.com' <br>]]>
            </line>
            <line>
              <![CDATA[ButtonElement clicking <br>]]>
            </line>
            <line>
              <![CDATA[TextBoxElement typing 'dr71gleb' <br>]]>
            </line>
            <line>
              <![CDATA[ButtonElement clicking <br>]]>
            </line>
            <line>
              <![CDATA[Page Forward appears<br>]]>
            </line>
          </reporter-output>
        </test-method> <!-- afterForwardTest -->
        <test-method status="PASS" signature="after()[pri:0, instance:test.Forward_02@6f53b8a]" name="after" is-config="true" duration-ms="604" started-at="2015-07-27T14:19:28Z" finished-at="2015-07-27T14:19:28Z">
          <reporter-output>
            <line>
              <![CDATA[driver is quit<br>]]>
            </line>
          </reporter-output>
        </test-method> <!-- after -->
      </class> <!-- test.Forward_02 -->
    </test> <!-- Smoke Tests -->
  </suite> <!-- Test Plan -->
</testng-results>
