<?xml version="1.0" encoding="UTF-8"?>
<testng-results skipped="6" failed="1" total="8" passed="1">
  <reporter-output>
    <line>
      <![CDATA[Browser is ready<br>]]>
    </line>
    <line>
      <![CDATA[==========  Test case: 'LetterGoToSpam_01' ==========<br>]]>
    </line>
    <line>
      <![CDATA[==========  Test case: 'LetterGoToSpam_01' ==========<br>]]>
    </line>
    <line>
      <![CDATA[--------==[ step 1 ]==--------<br>]]>
    </line>
    <line>
      <![CDATA[Page Login Page appears<br>]]>
    </line>
    <line>
      <![CDATA[TextBoxElement typing 'hlebtemp@gmail.com' <br>]]>
    </line>
    <line>
      <![CDATA[ButtonElement clicking <br>]]>
    </line>
    <line>
      <![CDATA[TextBoxElement typing 'dr71gleb' <br>]]>
    </line>
    <line>
      <![CDATA[ButtonElement clicking <br>]]>
    </line>
    <line>
      <![CDATA[--------==[ step 2 ]==--------<br>]]>
    </line>
    <line>
      <![CDATA[Page Main Page appears<br>]]>
    </line>
    <line>
      <![CDATA[ButtonElement clicking <br>]]>
    </line>
    <line>
      <![CDATA[Page New Message Form appears<br>]]>
    </line>
    <line>
      <![CDATA[TextBoxElement typing 'hlebtemp2@gmail.com' <br>]]>
    </line>
    <line>
      <![CDATA[TextBoxElement typing '37K7Y' <br>]]>
    </line>
    <line>
      <![CDATA[TextBoxElement typing 'OO8K0_U03X2RFB53QBJQI4XSDRQ1QB' <br>]]>
    </line>
    <line>
      <![CDATA[ButtonElement clicking <br>]]>
    </line>
    <line>
      <![CDATA[--------==[ step 3 ]==--------<br>]]>
    </line>
    <line>
      <![CDATA[Page Login Page appears<br>]]>
    </line>
    <line>
      <![CDATA[TextBoxElement typing 'hlebtemp2@gmail.com' <br>]]>
    </line>
    <line>
      <![CDATA[ButtonElement clicking <br>]]>
    </line>
    <line>
      <![CDATA[TextBoxElement typing 'dr71gleb' <br>]]>
    </line>
    <line>
      <![CDATA[ButtonElement clicking <br>]]>
    </line>
    <line>
      <![CDATA[--------==[ step 4 ]==--------<br>]]>
    </line>
    <line>
      <![CDATA[Page Main Page appears<br>]]>
    </line>
    <line>
      <![CDATA[LabelElement clicking <br>]]>
    </line>
    <line>
      <![CDATA[Page Message Page appears<br>]]>
    </line>
    <line>
      <![CDATA[ButtonElement clicking <br>]]>
    </line>
    <line>
      <![CDATA[LabelElement clicking <br>]]>
    </line>
    <line>
      <![CDATA[--------==[ step 5 ]==--------<br>]]>
    </line>
    <line>
      <![CDATA[Page Login Page appears<br>]]>
    </line>
    <line>
      <![CDATA[TextBoxElement typing 'hlebtemp@gmail.com' <br>]]>
    </line>
    <line>
      <![CDATA[ButtonElement clicking <br>]]>
    </line>
    <line>
      <![CDATA[TextBoxElement typing 'dr71gleb' <br>]]>
    </line>
    <line>
      <![CDATA[ButtonElement clicking <br>]]>
    </line>
    <line>
      <![CDATA[--------==[ step 6 ]==--------<br>]]>
    </line>
    <line>
      <![CDATA[Page Main Page appears<br>]]>
    </line>
    <line>
      <![CDATA[ButtonElement clicking <br>]]>
    </line>
    <line>
      <![CDATA[Page New Message Form appears<br>]]>
    </line>
    <line>
      <![CDATA[TextBoxElement typing 'hlebtemp2@gmail.com' <br>]]>
    </line>
    <line>
      <![CDATA[TextBoxElement typing '37K7Y' <br>]]>
    </line>
    <line>
      <![CDATA[TextBoxElement typing 'OO8K0_U03X2RFB53QBJQI4XSDRQ1QB' <br>]]>
    </line>
    <line>
      <![CDATA[ButtonElement clicking <br>]]>
    </line>
    <line>
      <![CDATA[--------==[ step 7 ]==--------<br>]]>
    </line>
    <line>
      <![CDATA[Page Login Page appears<br>]]>
    </line>
    <line>
      <![CDATA[TextBoxElement typing 'hlebtemp2@gmail.com' <br>]]>
    </line>
    <line>
      <![CDATA[ButtonElement clicking <br>]]>
    </line>
    <line>
      <![CDATA[TextBoxElement typing 'dr71gleb' <br>]]>
    </line>
    <line>
      <![CDATA[ButtonElement clicking <br>]]>
    </line>
    <line>
      <![CDATA[--------==[ step 8 ]==--------<br>]]>
    </line>
    <line>
      <![CDATA[Page Spam Page appears<br>]]>
    </line>
    <line>
      <![CDATA[Page Spam Page appears<br>]]>
    </line>
    <line>
      <![CDATA[Assert true: Letter in Spam!<br>]]>
    </line>
    <line>
      <![CDATA[========== Postcondition========== <br>]]>
    </line>
    <line>
      <![CDATA[Page Login Page appears<br>]]>
    </line>
    <line>
      <![CDATA[TextBoxElement typing 'hlebtemp2@gmail.com' <br>]]>
    </line>
    <line>
      <![CDATA[ButtonElement clicking <br>]]>
    </line>
    <line>
      <![CDATA[TextBoxElement typing 'dr71gleb' <br>]]>
    </line>
    <line>
      <![CDATA[ButtonElement clicking <br>]]>
    </line>
    <line>
      <![CDATA[Page Spam Page appears<br>]]>
    </line>
    <line>
      <![CDATA[Page Spam Page appears<br>]]>
    </line>
    <line>
      <![CDATA[LabelElement clicking <br>]]>
    </line>
    <line>
      <![CDATA[Page Message Page appears<br>]]>
    </line>
    <line>
      <![CDATA[ButtonElement clicking <br>]]>
    </line>
    <line>
      <![CDATA[LabelElement clicking <br>]]>
    </line>
    <line>
      <![CDATA[driver is quit<br>]]>
    </line>
    <line>
      <![CDATA[Browser is ready<br>]]>
    </line>
    <line>
      <![CDATA[==========  Test case: 'Forward_02' ==========<br>]]>
    </line>
    <line>
      <![CDATA[==========  Test case: 'Forward_02' ==========<br>]]>
    </line>
    <line>
      <![CDATA[--------==[ step 1 ]==--------<br>]]>
    </line>
    <line>
      <![CDATA[Page Login Page appears<br>]]>
    </line>
    <line>
      <![CDATA[TextBoxElement typing 'hlebtemp2@gmail.com' <br>]]>
    </line>
    <line>
      <![CDATA[ButtonElement clicking <br>]]>
    </line>
    <line>
      <![CDATA[TextBoxElement typing 'dr71gleb' <br>]]>
    </line>
    <line>
      <![CDATA[ButtonElement clicking <br>]]>
    </line>
    <line>
      <![CDATA[--------==[ steps: 2-3 ]==--------<br>]]>
    </line>
    <line>
      <![CDATA[Page Main Page appears<br>]]>
    </line>
    <line>
      <![CDATA[ButtonElement clicking <br>]]>
    </line>
    <line>
      <![CDATA[LabelElement clicking <br>]]>
    </line>
    <line>
      <![CDATA[--------==[ steps: 4-5 ]==--------<br>]]>
    </line>
    <line>
      <![CDATA[Page Setting Page appears<br>]]>
    </line>
    <line>
      <![CDATA[LabelElement clicking <br>]]>
    </line>
    <line>
      <![CDATA[Page ForwardPage appears<br>]]>
    </line>
    <line>
      <![CDATA[ButtonElement clicking <br>]]>
    </line>
    <line>
      <![CDATA[TextBoxElement typing 'hleb3temp@gmail.com' <br>]]>
    </line>
    <line>
      <![CDATA[ButtonElement clicking <br>]]>
    </line>
    <line>
      <![CDATA[========== Postcondition========== <br>]]>
    </line>
    <line>
      <![CDATA[<div class="skipped">Page timeout!</div><br>]]>
    </line>
    <line>
      <![CDATA[Postcondition: <br>]]>
    </line>
    <line>
      <![CDATA[<div class="skipped">Page timeout!</div><br>]]>
    </line>
  </reporter-output>
  <suite name="Test Plan" duration-ms="116035" started-at="2015-07-21T15:31:56Z" finished-at="2015-07-21T15:33:52Z">
    <groups>
    </groups>
    <test name="Smoke Tests" duration-ms="116035" started-at="2015-07-21T15:31:56Z" finished-at="2015-07-21T15:33:52Z">
      <class name="test.SendMailWithAttachement_05">
        <test-method status="SKIP" signature="startTest()[pri:0, instance:test.SendMailWithAttachement_05@5c7933ad]" name="startTest" is-config="true" duration-ms="0" started-at="2015-07-21T18:33:50Z" finished-at="2015-07-21T18:33:50Z">
          <reporter-output>
          </reporter-output>
        </test-method> <!-- startTest -->
        <test-method status="SKIP" signature="beforeMainMailBoxPageTest(java.lang.String, java.lang.String)[pri:0, instance:test.SendMailWithAttachement_05@5c7933ad]" name="beforeMainMailBoxPageTest" is-config="true" duration-ms="0" started-at="2015-07-21T18:33:50Z" finished-at="2015-07-21T18:33:50Z">
          <reporter-output>
          </reporter-output>
        </test-method> <!-- beforeMainMailBoxPageTest -->
        <test-method status="SKIP" signature="SendMailWithAttachementTest()[pri:0, instance:test.SendMailWithAttachement_05@5c7933ad]" name="SendMailWithAttachementTest" duration-ms="10" started-at="2015-07-21T18:33:50Z" finished-at="2015-07-21T18:33:50Z">
          <reporter-output>
          </reporter-output>
        </test-method> <!-- SendMailWithAttachementTest -->
        <test-method status="SKIP" signature="before()[pri:0, instance:test.SendMailWithAttachement_05@5c7933ad]" name="before" is-config="true" duration-ms="0" started-at="2015-07-21T18:33:50Z" finished-at="2015-07-21T18:33:50Z">
          <reporter-output>
          </reporter-output>
        </test-method> <!-- before -->
        <test-method status="SKIP" signature="after()[pri:0, instance:test.SendMailWithAttachement_05@5c7933ad]" name="after" is-config="true" duration-ms="0" started-at="2015-07-21T18:33:50Z" finished-at="2015-07-21T18:33:50Z">
          <reporter-output>
          </reporter-output>
        </test-method> <!-- after -->
      </class> <!-- test.SendMailWithAttachement_05 -->
      <class name="test.CheckStarSelection_13">
        <test-method status="SKIP" signature="before()[pri:0, instance:test.CheckStarSelection_13@72c8e7b]" name="before" is-config="true" duration-ms="0" started-at="2015-07-21T18:33:50Z" finished-at="2015-07-21T18:33:50Z">
          <reporter-output>
          </reporter-output>
        </test-method> <!-- before -->
        <test-method status="SKIP" signature="startTest()[pri:0, instance:test.CheckStarSelection_13@72c8e7b]" name="startTest" is-config="true" duration-ms="0" started-at="2015-07-21T18:33:50Z" finished-at="2015-07-21T18:33:50Z">
          <reporter-output>
          </reporter-output>
        </test-method> <!-- startTest -->
        <test-method status="SKIP" signature="beforeMainMailBoxPageTest(java.lang.String, java.lang.String)[pri:0, instance:test.CheckStarSelection_13@72c8e7b]" name="beforeMainMailBoxPageTest" is-config="true" duration-ms="0" started-at="2015-07-21T18:33:50Z" finished-at="2015-07-21T18:33:50Z">
          <reporter-output>
          </reporter-output>
        </test-method> <!-- beforeMainMailBoxPageTest -->
        <test-method status="SKIP" signature="CheckStarSelection()[pri:0, instance:test.CheckStarSelection_13@72c8e7b]" name="CheckStarSelection" duration-ms="0" started-at="2015-07-21T18:33:50Z" finished-at="2015-07-21T18:33:50Z">
          <reporter-output>
          </reporter-output>
        </test-method> <!-- CheckStarSelection -->
        <test-method status="FAIL" signature="afterMainMailBoxPageTest()[pri:0, instance:test.CheckStarSelection_13@72c8e7b]" name="afterMainMailBoxPageTest" is-config="true" duration-ms="0" started-at="2015-07-21T18:33:50Z" finished-at="2015-07-21T18:33:50Z">
          <exception class="org.openqa.selenium.remote.UnreachableBrowserException">
            <message>
              <![CDATA[Error communicating with the remote browser. It may have died.
Build info: version: '2.46.0', revision: '61506a4624b13675f24581e453592342b7485d71', time: '2015-06-04 10:22:50'
System info: host: 'EPBYMINW2701', ip: '10.6.102.41', os.name: 'Windows 7', os.arch: 'amd64', os.version: '6.1', java.version: '1.8.0_45'
Driver info: driver.version: RemoteWebDriver]]>
            </message>
            <full-stacktrace>
              <![CDATA[org.openqa.selenium.remote.UnreachableBrowserException: Error communicating with the remote browser. It may have died.
Build info: version: '2.46.0', revision: '61506a4624b13675f24581e453592342b7485d71', time: '2015-06-04 10:22:50'
System info: host: 'EPBYMINW2701', ip: '10.6.102.41', os.name: 'Windows 7', os.arch: 'amd64', os.version: '6.1', java.version: '1.8.0_45'
Driver info: driver.version: RemoteWebDriver
	at org.openqa.selenium.remote.RemoteWebDriver.execute(RemoteWebDriver.java:599)
	at org.openqa.selenium.remote.RemoteWebDriver.execute(RemoteWebDriver.java:628)
	at org.openqa.selenium.remote.RemoteWebDriver$RemoteWebDriverOptions.deleteAllCookies(RemoteWebDriver.java:699)
	at webdriver.Browser.deleteAllCookiesAndRefresh(Browser.java:135)
	at test.CheckStarSelection_13.afterMainMailBoxPageTest(CheckStarSelection_13.java:44)
	at sun.reflect.NativeMethodAccessorImpl.invoke0(Native Method)
	at sun.reflect.NativeMethodAccessorImpl.invoke(NativeMethodAccessorImpl.java:62)
	at sun.reflect.DelegatingMethodAccessorImpl.invoke(DelegatingMethodAccessorImpl.java:43)
	at java.lang.reflect.Method.invoke(Method.java:497)
	at org.testng.internal.MethodInvocationHelper.invokeMethod(MethodInvocationHelper.java:84)
	at org.testng.internal.Invoker.invokeConfigurationMethod(Invoker.java:564)
	at org.testng.internal.Invoker.invokeConfigurations(Invoker.java:213)
	at org.testng.internal.Invoker.invokeMethod(Invoker.java:786)
	at org.testng.internal.Invoker.invokeTestMethod(Invoker.java:901)
	at org.testng.internal.Invoker.invokeTestMethods(Invoker.java:1231)
	at org.testng.internal.TestMethodWorker.invokeTestMethods(TestMethodWorker.java:127)
	at org.testng.internal.TestMethodWorker.run(TestMethodWorker.java:111)
	at org.testng.TestRunner.privateRun(TestRunner.java:767)
	at org.testng.TestRunner.run(TestRunner.java:617)
	at org.testng.SuiteRunner.runTest(SuiteRunner.java:348)
	at org.testng.SuiteRunner.runSequentially(SuiteRunner.java:343)
	at org.testng.SuiteRunner.privateRun(SuiteRunner.java:305)
	at org.testng.SuiteRunner.run(SuiteRunner.java:254)
	at org.testng.SuiteRunnerWorker.runSuite(SuiteRunnerWorker.java:52)
	at org.testng.SuiteRunnerWorker.run(SuiteRunnerWorker.java:86)
	at org.testng.TestNG.runSuitesSequentially(TestNG.java:1224)
	at org.testng.TestNG.runSuitesLocally(TestNG.java:1149)
	at org.testng.TestNG.run(TestNG.java:1057)
	at org.testng.remote.RemoteTestNG.run(RemoteTestNG.java:111)
	at org.testng.remote.RemoteTestNG.initAndRun(RemoteTestNG.java:204)
	at org.testng.remote.RemoteTestNG.main(RemoteTestNG.java:175)
Caused by: org.apache.http.conn.HttpHostConnectException: Connect to 127.0.0.1:7055 [/127.0.0.1] failed: Connection refused: connect
	at org.apache.http.impl.conn.DefaultHttpClientConnectionOperator.connect(DefaultHttpClientConnectionOperator.java:151)
	at org.apache.http.impl.conn.PoolingHttpClientConnectionManager.connect(PoolingHttpClientConnectionManager.java:353)
	at org.apache.http.impl.execchain.MainClientExec.establishRoute(MainClientExec.java:380)
	at org.apache.http.impl.execchain.MainClientExec.execute(MainClientExec.java:236)
	at org.apache.http.impl.execchain.ProtocolExec.execute(ProtocolExec.java:184)
	at org.apache.http.impl.execchain.RetryExec.execute(RetryExec.java:88)
	at org.apache.http.impl.execchain.RedirectExec.execute(RedirectExec.java:110)
	at org.apache.http.impl.client.InternalHttpClient.doExecute(InternalHttpClient.java:184)
	at org.apache.http.impl.client.CloseableHttpClient.execute(CloseableHttpClient.java:71)
	at org.apache.http.impl.client.CloseableHttpClient.execute(CloseableHttpClient.java:55)
	at org.openqa.selenium.remote.internal.ApacheHttpClient.fallBackExecute(ApacheHttpClient.java:143)
	at org.openqa.selenium.remote.internal.ApacheHttpClient.execute(ApacheHttpClient.java:89)
	at org.openqa.selenium.remote.HttpCommandExecutor.execute(HttpCommandExecutor.java:134)
	at org.openqa.selenium.firefox.internal.NewProfileExtensionConnection.execute(NewProfileExtensionConnection.java:168)
	at org.openqa.selenium.firefox.FirefoxDriver$LazyCommandExecutor.execute(FirefoxDriver.java:392)
	at org.openqa.selenium.remote.RemoteWebDriver.execute(RemoteWebDriver.java:578)
	... 30 more
Caused by: java.net.ConnectException: Connection refused: connect
	at java.net.DualStackPlainSocketImpl.waitForConnect(Native Method)
	at java.net.DualStackPlainSocketImpl.socketConnect(DualStackPlainSocketImpl.java:85)
	at java.net.AbstractPlainSocketImpl.doConnect(AbstractPlainSocketImpl.java:345)
	at java.net.AbstractPlainSocketImpl.connectToAddress(AbstractPlainSocketImpl.java:206)
	at java.net.AbstractPlainSocketImpl.connect(AbstractPlainSocketImpl.java:188)
	at java.net.PlainSocketImpl.connect(PlainSocketImpl.java:172)
	at java.net.SocksSocketImpl.connect(SocksSocketImpl.java:392)
	at java.net.Socket.connect(Socket.java:589)
	at org.apache.http.conn.socket.PlainConnectionSocketFactory.connectSocket(PlainConnectionSocketFactory.java:74)
	at org.apache.http.impl.conn.DefaultHttpClientConnectionOperator.connect(DefaultHttpClientConnectionOperator.java:134)
	... 45 more
]]>
            </full-stacktrace>
          </exception> <!-- org.openqa.selenium.remote.UnreachableBrowserException -->
          <reporter-output>
            <line>
              <![CDATA[Postcondition: <br>]]>
            </line>
            <line>
              <![CDATA[<div class="skipped">Page timeout!</div><br>]]>
            </line>
          </reporter-output>
        </test-method> <!-- afterMainMailBoxPageTest -->
        <test-method status="SKIP" signature="after()[pri:0, instance:test.CheckStarSelection_13@72c8e7b]" name="after" is-config="true" duration-ms="0" started-at="2015-07-21T18:33:52Z" finished-at="2015-07-21T18:33:52Z">
          <reporter-output>
          </reporter-output>
        </test-method> <!-- after -->
      </class> <!-- test.CheckStarSelection_13 -->
      <class name="test.Themes_04">
        <test-method status="SKIP" signature="startTest()[pri:0, instance:test.Themes_04@57bc27f5]" name="startTest" is-config="true" duration-ms="0" started-at="2015-07-21T18:33:50Z" finished-at="2015-07-21T18:33:50Z">
          <reporter-output>
          </reporter-output>
        </test-method> <!-- startTest -->
        <test-method status="SKIP" signature="before()[pri:0, instance:test.Themes_04@57bc27f5]" name="before" is-config="true" duration-ms="0" started-at="2015-07-21T18:33:50Z" finished-at="2015-07-21T18:33:50Z">
          <reporter-output>
          </reporter-output>
        </test-method> <!-- before -->
        <test-method status="SKIP" signature="beforeMainMailBoxPageTest(java.lang.String, java.lang.String)[pri:0, instance:test.Themes_04@57bc27f5]" name="beforeMainMailBoxPageTest" is-config="true" duration-ms="0" started-at="2015-07-21T18:33:50Z" finished-at="2015-07-21T18:33:50Z">
          <reporter-output>
          </reporter-output>
        </test-method> <!-- beforeMainMailBoxPageTest -->
        <test-method status="SKIP" signature="after()[pri:0, instance:test.Themes_04@57bc27f5]" name="after" is-config="true" duration-ms="0" started-at="2015-07-21T18:33:50Z" finished-at="2015-07-21T18:33:50Z">
          <reporter-output>
          </reporter-output>
        </test-method> <!-- after -->
        <test-method status="SKIP" signature="ThemesTest()[pri:0, instance:test.Themes_04@57bc27f5]" name="ThemesTest" duration-ms="0" started-at="2015-07-21T18:33:50Z" finished-at="2015-07-21T18:33:50Z">
          <reporter-output>
          </reporter-output>
        </test-method> <!-- ThemesTest -->
      </class> <!-- test.Themes_04 -->
      <class name="test.MainMailBoxPage_03">
        <test-method status="SKIP" signature="startTest()[pri:0, instance:test.MainMailBoxPage_03@194fad1]" name="startTest" is-config="true" duration-ms="0" started-at="2015-07-21T18:33:50Z" finished-at="2015-07-21T18:33:50Z">
          <reporter-output>
          </reporter-output>
        </test-method> <!-- startTest -->
        <test-method status="SKIP" signature="before()[pri:0, instance:test.MainMailBoxPage_03@194fad1]" name="before" is-config="true" duration-ms="0" started-at="2015-07-21T18:33:50Z" finished-at="2015-07-21T18:33:50Z">
          <reporter-output>
          </reporter-output>
        </test-method> <!-- before -->
        <test-method status="SKIP" signature="beforeMainMailBoxPageTest(java.lang.String, java.lang.String, java.lang.String)[pri:0, instance:test.MainMailBoxPage_03@194fad1]" name="beforeMainMailBoxPageTest" is-config="true" duration-ms="0" started-at="2015-07-21T18:33:50Z" finished-at="2015-07-21T18:33:50Z">
          <reporter-output>
          </reporter-output>
        </test-method> <!-- beforeMainMailBoxPageTest -->
        <test-method status="SKIP" signature="MainMailBoxPageTest()[pri:0, instance:test.MainMailBoxPage_03@194fad1]" name="MainMailBoxPageTest" duration-ms="0" started-at="2015-07-21T18:33:50Z" finished-at="2015-07-21T18:33:50Z">
          <reporter-output>
          </reporter-output>
        </test-method> <!-- MainMailBoxPageTest -->
        <test-method status="SKIP" signature="after()[pri:0, instance:test.MainMailBoxPage_03@194fad1]" name="after" is-config="true" duration-ms="0" started-at="2015-07-21T18:33:50Z" finished-at="2015-07-21T18:33:50Z">
          <reporter-output>
          </reporter-output>
        </test-method> <!-- after -->
      </class> <!-- test.MainMailBoxPage_03 -->
      <class name="test.CheckingSignature_12">
        <test-method status="SKIP" signature="before()[pri:0, instance:test.CheckingSignature_12@5f8e8a9d]" name="before" is-config="true" duration-ms="0" started-at="2015-07-21T18:33:50Z" finished-at="2015-07-21T18:33:50Z">
          <reporter-output>
          </reporter-output>
        </test-method> <!-- before -->
        <test-method status="SKIP" signature="startTest()[pri:0, instance:test.CheckingSignature_12@5f8e8a9d]" name="startTest" is-config="true" duration-ms="0" started-at="2015-07-21T18:33:50Z" finished-at="2015-07-21T18:33:50Z">
          <reporter-output>
          </reporter-output>
        </test-method> <!-- startTest -->
        <test-method status="SKIP" signature="beforeMainMailBoxPageTest(java.lang.String, java.lang.String)[pri:0, instance:test.CheckingSignature_12@5f8e8a9d]" name="beforeMainMailBoxPageTest" is-config="true" duration-ms="0" started-at="2015-07-21T18:33:50Z" finished-at="2015-07-21T18:33:50Z">
          <reporter-output>
          </reporter-output>
        </test-method> <!-- beforeMainMailBoxPageTest -->
        <test-method status="SKIP" signature="CheckingSignatureTest()[pri:0, instance:test.CheckingSignature_12@5f8e8a9d]" name="CheckingSignatureTest" duration-ms="1" started-at="2015-07-21T18:33:50Z" finished-at="2015-07-21T18:33:50Z">
          <reporter-output>
          </reporter-output>
        </test-method> <!-- CheckingSignatureTest -->
        <test-method status="SKIP" signature="after()[pri:0, instance:test.CheckingSignature_12@5f8e8a9d]" name="after" is-config="true" duration-ms="0" started-at="2015-07-21T18:33:50Z" finished-at="2015-07-21T18:33:50Z">
          <reporter-output>
          </reporter-output>
        </test-method> <!-- after -->
      </class> <!-- test.CheckingSignature_12 -->
      <class name="test.MarkItemAsSpam_11">
        <test-method status="SKIP" signature="before()[pri:0, instance:test.MarkItemAsSpam_11@38467116]" name="before" is-config="true" duration-ms="0" started-at="2015-07-21T18:33:50Z" finished-at="2015-07-21T18:33:50Z">
          <reporter-output>
          </reporter-output>
        </test-method> <!-- before -->
        <test-method status="SKIP" signature="beforeMainMailBoxPageTest(java.lang.String, java.lang.String)[pri:0, instance:test.MarkItemAsSpam_11@38467116]" name="beforeMainMailBoxPageTest" is-config="true" duration-ms="0" started-at="2015-07-21T18:33:50Z" finished-at="2015-07-21T18:33:50Z">
          <reporter-output>
          </reporter-output>
        </test-method> <!-- beforeMainMailBoxPageTest -->
        <test-method status="SKIP" signature="MarkItemAsSpamTest()[pri:0, instance:test.MarkItemAsSpam_11@38467116]" name="MarkItemAsSpamTest" duration-ms="0" started-at="2015-07-21T18:33:50Z" finished-at="2015-07-21T18:33:50Z">
          <reporter-output>
          </reporter-output>
        </test-method> <!-- MarkItemAsSpamTest -->
        <test-method status="SKIP" signature="after()[pri:0, instance:test.MarkItemAsSpam_11@38467116]" name="after" is-config="true" duration-ms="0" started-at="2015-07-21T18:33:50Z" finished-at="2015-07-21T18:33:50Z">
          <reporter-output>
          </reporter-output>
        </test-method> <!-- after -->
        <test-method status="SKIP" signature="startTest()[pri:0, instance:test.MarkItemAsSpam_11@38467116]" name="startTest" is-config="true" duration-ms="0" started-at="2015-07-21T18:33:50Z" finished-at="2015-07-21T18:33:50Z">
          <reporter-output>
          </reporter-output>
        </test-method> <!-- startTest -->
      </class> <!-- test.MarkItemAsSpam_11 -->
      <class name="test.LetterGoToSpam_01">
        <test-method status="PASS" signature="before()[pri:0, instance:test.LetterGoToSpam_01@5e7cd6cc]" name="before" is-config="true" duration-ms="19" started-at="2015-07-21T18:31:56Z" finished-at="2015-07-21T18:31:56Z">
          <reporter-output>
          </reporter-output>
        </test-method> <!-- before -->
        <test-method status="PASS" signature="beforeSpamTest(java.lang.String, java.lang.String, java.lang.String, java.lang.String)[pri:0, instance:test.LetterGoToSpam_01@5e7cd6cc]" name="beforeSpamTest" is-config="true" duration-ms="0" started-at="2015-07-21T18:31:56Z" finished-at="2015-07-21T18:31:56Z">
          <params>
            <param index="0">
              <value>
                <![CDATA[hlebtemp@gmail.com]]>
              </value>
            </param>
            <param index="1">
              <value>
                <![CDATA[dr71gleb]]>
              </value>
            </param>
            <param index="2">
              <value>
                <![CDATA[hlebtemp2@gmail.com]]>
              </value>
            </param>
            <param index="3">
              <value>
                <![CDATA[dr71gleb]]>
              </value>
            </param>
          </params>
          <reporter-output>
          </reporter-output>
        </test-method> <!-- beforeSpamTest -->
        <test-method status="PASS" signature="startTest()[pri:0, instance:test.LetterGoToSpam_01@5e7cd6cc]" name="startTest" is-config="true" duration-ms="0" started-at="2015-07-21T18:31:56Z" finished-at="2015-07-21T18:31:56Z">
          <reporter-output>
            <line>
              <![CDATA[==========  Test case: 'LetterGoToSpam_01' ==========<br>]]>
            </line>
            <line>
              <![CDATA[==========  Test case: 'LetterGoToSpam_01' ==========<br>]]>
            </line>
          </reporter-output>
        </test-method> <!-- startTest -->
        <test-method status="PASS" signature="letterGoToSpamTest()[pri:0, instance:test.LetterGoToSpam_01@5e7cd6cc]" name="letterGoToSpamTest" duration-ms="65395" started-at="2015-07-21T18:31:56Z" finished-at="2015-07-21T18:33:01Z">
          <reporter-output>
            <line>
              <![CDATA[--------==[ step 1 ]==--------<br>]]>
            </line>
            <line>
              <![CDATA[Page Login Page appears<br>]]>
            </line>
            <line>
              <![CDATA[TextBoxElement typing 'hlebtemp@gmail.com' <br>]]>
            </line>
            <line>
              <![CDATA[ButtonElement clicking <br>]]>
            </line>
            <line>
              <![CDATA[TextBoxElement typing 'dr71gleb' <br>]]>
            </line>
            <line>
              <![CDATA[ButtonElement clicking <br>]]>
            </line>
            <line>
              <![CDATA[--------==[ step 2 ]==--------<br>]]>
            </line>
            <line>
              <![CDATA[Page Main Page appears<br>]]>
            </line>
            <line>
              <![CDATA[ButtonElement clicking <br>]]>
            </line>
            <line>
              <![CDATA[Page New Message Form appears<br>]]>
            </line>
            <line>
              <![CDATA[TextBoxElement typing 'hlebtemp2@gmail.com' <br>]]>
            </line>
            <line>
              <![CDATA[TextBoxElement typing '37K7Y' <br>]]>
            </line>
            <line>
              <![CDATA[TextBoxElement typing 'OO8K0_U03X2RFB53QBJQI4XSDRQ1QB' <br>]]>
            </line>
            <line>
              <![CDATA[ButtonElement clicking <br>]]>
            </line>
            <line>
              <![CDATA[--------==[ step 3 ]==--------<br>]]>
            </line>
            <line>
              <![CDATA[Page Login Page appears<br>]]>
            </line>
            <line>
              <![CDATA[TextBoxElement typing 'hlebtemp2@gmail.com' <br>]]>
            </line>
            <line>
              <![CDATA[ButtonElement clicking <br>]]>
            </line>
            <line>
              <![CDATA[TextBoxElement typing 'dr71gleb' <br>]]>
            </line>
            <line>
              <![CDATA[ButtonElement clicking <br>]]>
            </line>
            <line>
              <![CDATA[--------==[ step 4 ]==--------<br>]]>
            </line>
            <line>
              <![CDATA[Page Main Page appears<br>]]>
            </line>
            <line>
              <![CDATA[LabelElement clicking <br>]]>
            </line>
            <line>
              <![CDATA[Page Message Page appears<br>]]>
            </line>
            <line>
              <![CDATA[ButtonElement clicking <br>]]>
            </line>
            <line>
              <![CDATA[LabelElement clicking <br>]]>
            </line>
            <line>
              <![CDATA[--------==[ step 5 ]==--------<br>]]>
            </line>
            <line>
              <![CDATA[Page Login Page appears<br>]]>
            </line>
            <line>
              <![CDATA[TextBoxElement typing 'hlebtemp@gmail.com' <br>]]>
            </line>
            <line>
              <![CDATA[ButtonElement clicking <br>]]>
            </line>
            <line>
              <![CDATA[TextBoxElement typing 'dr71gleb' <br>]]>
            </line>
            <line>
              <![CDATA[ButtonElement clicking <br>]]>
            </line>
            <line>
              <![CDATA[--------==[ step 6 ]==--------<br>]]>
            </line>
            <line>
              <![CDATA[Page Main Page appears<br>]]>
            </line>
            <line>
              <![CDATA[ButtonElement clicking <br>]]>
            </line>
            <line>
              <![CDATA[Page New Message Form appears<br>]]>
            </line>
            <line>
              <![CDATA[TextBoxElement typing 'hlebtemp2@gmail.com' <br>]]>
            </line>
            <line>
              <![CDATA[TextBoxElement typing '37K7Y' <br>]]>
            </line>
            <line>
              <![CDATA[TextBoxElement typing 'OO8K0_U03X2RFB53QBJQI4XSDRQ1QB' <br>]]>
            </line>
            <line>
              <![CDATA[ButtonElement clicking <br>]]>
            </line>
            <line>
              <![CDATA[--------==[ step 7 ]==--------<br>]]>
            </line>
            <line>
              <![CDATA[Page Login Page appears<br>]]>
            </line>
            <line>
              <![CDATA[TextBoxElement typing 'hlebtemp2@gmail.com' <br>]]>
            </line>
            <line>
              <![CDATA[ButtonElement clicking <br>]]>
            </line>
            <line>
              <![CDATA[TextBoxElement typing 'dr71gleb' <br>]]>
            </line>
            <line>
              <![CDATA[ButtonElement clicking <br>]]>
            </line>
            <line>
              <![CDATA[--------==[ step 8 ]==--------<br>]]>
            </line>
            <line>
              <![CDATA[Page Spam Page appears<br>]]>
            </line>
            <line>
              <![CDATA[Page Spam Page appears<br>]]>
            </line>
            <line>
              <![CDATA[Assert true: Letter in Spam!<br>]]>
            </line>
          </reporter-output>
        </test-method> <!-- letterGoToSpamTest -->
        <test-method status="PASS" signature="afterSpamTest()[pri:0, instance:test.LetterGoToSpam_01@5e7cd6cc]" name="afterSpamTest" is-config="true" duration-ms="13283" started-at="2015-07-21T18:33:01Z" finished-at="2015-07-21T18:33:14Z">
          <reporter-output>
            <line>
              <![CDATA[========== Postcondition========== <br>]]>
            </line>
            <line>
              <![CDATA[Page Login Page appears<br>]]>
            </line>
            <line>
              <![CDATA[TextBoxElement typing 'hlebtemp2@gmail.com' <br>]]>
            </line>
            <line>
              <![CDATA[ButtonElement clicking <br>]]>
            </line>
            <line>
              <![CDATA[TextBoxElement typing 'dr71gleb' <br>]]>
            </line>
            <line>
              <![CDATA[ButtonElement clicking <br>]]>
            </line>
            <line>
              <![CDATA[Page Spam Page appears<br>]]>
            </line>
            <line>
              <![CDATA[Page Spam Page appears<br>]]>
            </line>
            <line>
              <![CDATA[LabelElement clicking <br>]]>
            </line>
            <line>
              <![CDATA[Page Message Page appears<br>]]>
            </line>
            <line>
              <![CDATA[ButtonElement clicking <br>]]>
            </line>
            <line>
              <![CDATA[LabelElement clicking <br>]]>
            </line>
          </reporter-output>
        </test-method> <!-- afterSpamTest -->
        <test-method status="PASS" signature="after()[pri:0, instance:test.LetterGoToSpam_01@5e7cd6cc]" name="after" is-config="true" duration-ms="1193" started-at="2015-07-21T18:33:14Z" finished-at="2015-07-21T18:33:16Z">
          <reporter-output>
            <line>
              <![CDATA[driver is quit<br>]]>
            </line>
          </reporter-output>
        </test-method> <!-- after -->
      </class> <!-- test.LetterGoToSpam_01 -->
      <class name="test.Forward_02">
        <test-method status="PASS" signature="before()[pri:0, instance:test.Forward_02@65f8f5ae]" name="before" is-config="true" duration-ms="5585" started-at="2015-07-21T18:33:16Z" finished-at="2015-07-21T18:33:21Z">
          <reporter-output>
            <line>
              <![CDATA[Browser is ready<br>]]>
            </line>
          </reporter-output>
        </test-method> <!-- before -->
        <test-method status="PASS" signature="startTest()[pri:0, instance:test.Forward_02@65f8f5ae]" name="startTest" is-config="true" duration-ms="0" started-at="2015-07-21T18:33:21Z" finished-at="2015-07-21T18:33:21Z">
          <reporter-output>
            <line>
              <![CDATA[==========  Test case: 'Forward_02' ==========<br>]]>
            </line>
            <line>
              <![CDATA[==========  Test case: 'Forward_02' ==========<br>]]>
            </line>
          </reporter-output>
        </test-method> <!-- startTest -->
        <test-method status="PASS" signature="beforForwardTest(java.lang.String, java.lang.String, java.lang.String, java.lang.String, java.lang.String, java.lang.String)[pri:0, instance:test.Forward_02@65f8f5ae]" name="beforForwardTest" is-config="true" duration-ms="10" started-at="2015-07-21T18:33:21Z" finished-at="2015-07-21T18:33:21Z">
          <params>
            <param index="0">
              <value>
                <![CDATA[hlebtemp@gmail.com]]>
              </value>
            </param>
            <param index="1">
              <value>
                <![CDATA[dr71gleb]]>
              </value>
            </param>
            <param index="2">
              <value>
                <![CDATA[hlebtemp2@gmail.com]]>
              </value>
            </param>
            <param index="3">
              <value>
                <![CDATA[dr71gleb]]>
              </value>
            </param>
            <param index="4">
              <value>
                <![CDATA[hleb3temp@gmail.com]]>
              </value>
            </param>
            <param index="5">
              <value>
                <![CDATA[dr71gleb]]>
              </value>
            </param>
          </params>
          <reporter-output>
          </reporter-output>
        </test-method> <!-- beforForwardTest -->
        <test-method status="FAIL" signature="ForwardTest()[pri:0, instance:test.Forward_02@65f8f5ae]" name="ForwardTest" duration-ms="26383" started-at="2015-07-21T18:33:21Z" finished-at="2015-07-21T18:33:48Z">
          <exception class="org.openqa.selenium.remote.UnreachableBrowserException">
            <message>
              <![CDATA[Error communicating with the remote browser. It may have died.
Build info: version: '2.46.0', revision: '61506a4624b13675f24581e453592342b7485d71', time: '2015-06-04 10:22:50'
System info: host: 'EPBYMINW2701', ip: '10.6.102.41', os.name: 'Windows 7', os.arch: 'amd64', os.version: '6.1', java.version: '1.8.0_45'
Driver info: driver.version: RemoteWebDriver]]>
            </message>
            <full-stacktrace>
              <![CDATA[org.openqa.selenium.remote.UnreachableBrowserException: Error communicating with the remote browser. It may have died.
Build info: version: '2.46.0', revision: '61506a4624b13675f24581e453592342b7485d71', time: '2015-06-04 10:22:50'
System info: host: 'EPBYMINW2701', ip: '10.6.102.41', os.name: 'Windows 7', os.arch: 'amd64', os.version: '6.1', java.version: '1.8.0_45'
Driver info: driver.version: RemoteWebDriver
	at org.openqa.selenium.remote.RemoteWebDriver.execute(RemoteWebDriver.java:599)
	at org.openqa.selenium.remote.RemoteWebDriver.findElement(RemoteWebDriver.java:358)
	at org.openqa.selenium.remote.RemoteWebDriver.findElementByXPath(RemoteWebDriver.java:455)
	at org.openqa.selenium.By$ByXPath.findElement(By.java:358)
	at org.openqa.selenium.remote.RemoteWebDriver.findElement(RemoteWebDriver.java:350)
	at org.openqa.selenium.support.pagefactory.DefaultElementLocator.findElement(DefaultElementLocator.java:69)
	at org.openqa.selenium.support.pagefactory.internal.LocatingElementHandler.invoke(LocatingElementHandler.java:38)
	at com.sun.proxy.$Proxy9.getWrappedElement(Unknown Source)
	at org.openqa.selenium.remote.internal.WebElementToJsonConverter.apply(WebElementToJsonConverter.java:49)
	at com.google.common.collect.Iterators$8.transform(Iterators.java:799)
	at com.google.common.collect.TransformedIterator.next(TransformedIterator.java:48)
	at com.google.common.collect.Iterators.addAll(Iterators.java:362)
	at com.google.common.collect.Lists.newArrayList(Lists.java:160)
	at com.google.common.collect.Lists.newArrayList(Lists.java:144)
	at org.openqa.selenium.remote.RemoteWebDriver.executeScript(RemoteWebDriver.java:510)
	at webdriver.elements.BaseElement.pickElementRed(BaseElement.java:51)
	at webdriver.elements.ButtonElement.pickElementRed(ButtonElement.java:8)
	at webdriver.elements.BaseElement.click(BaseElement.java:44)
	at webdriver.elements.ButtonElement.click(ButtonElement.java:8)
	at test.Pages.ForwardPage.addForwardUser(ForwardPage.java:111)
	at test.Steps.Steps.setForwardToUser(Steps.java:119)
	at test.Forward_02.ForwardTest(Forward_02.java:54)
	at sun.reflect.NativeMethodAccessorImpl.invoke0(Native Method)
	at sun.reflect.NativeMethodAccessorImpl.invoke(NativeMethodAccessorImpl.java:62)
	at sun.reflect.DelegatingMethodAccessorImpl.invoke(DelegatingMethodAccessorImpl.java:43)
	at java.lang.reflect.Method.invoke(Method.java:497)
	at org.testng.internal.MethodInvocationHelper.invokeMethod(MethodInvocationHelper.java:84)
	at org.testng.internal.Invoker.invokeMethod(Invoker.java:714)
	at org.testng.internal.Invoker.invokeTestMethod(Invoker.java:901)
	at org.testng.internal.Invoker.invokeTestMethods(Invoker.java:1231)
	at org.testng.internal.TestMethodWorker.invokeTestMethods(TestMethodWorker.java:127)
	at org.testng.internal.TestMethodWorker.run(TestMethodWorker.java:111)
	at org.testng.TestRunner.privateRun(TestRunner.java:767)
	at org.testng.TestRunner.run(TestRunner.java:617)
	at org.testng.SuiteRunner.runTest(SuiteRunner.java:348)
	at org.testng.SuiteRunner.runSequentially(SuiteRunner.java:343)
	at org.testng.SuiteRunner.privateRun(SuiteRunner.java:305)
	at org.testng.SuiteRunner.run(SuiteRunner.java:254)
	at org.testng.SuiteRunnerWorker.runSuite(SuiteRunnerWorker.java:52)
	at org.testng.SuiteRunnerWorker.run(SuiteRunnerWorker.java:86)
	at org.testng.TestNG.runSuitesSequentially(TestNG.java:1224)
	at org.testng.TestNG.runSuitesLocally(TestNG.java:1149)
	at org.testng.TestNG.run(TestNG.java:1057)
	at org.testng.remote.RemoteTestNG.run(RemoteTestNG.java:111)
	at org.testng.remote.RemoteTestNG.initAndRun(RemoteTestNG.java:204)
	at org.testng.remote.RemoteTestNG.main(RemoteTestNG.java:175)
Caused by: org.apache.http.conn.HttpHostConnectException: Connect to 127.0.0.1:7055 [/127.0.0.1] failed: Connection refused: connect
	at org.apache.http.impl.conn.DefaultHttpClientConnectionOperator.connect(DefaultHttpClientConnectionOperator.java:151)
	at org.apache.http.impl.conn.PoolingHttpClientConnectionManager.connect(PoolingHttpClientConnectionManager.java:353)
	at org.apache.http.impl.execchain.MainClientExec.establishRoute(MainClientExec.java:380)
	at org.apache.http.impl.execchain.MainClientExec.execute(MainClientExec.java:236)
	at org.apache.http.impl.execchain.ProtocolExec.execute(ProtocolExec.java:184)
	at org.apache.http.impl.execchain.RetryExec.execute(RetryExec.java:88)
	at org.apache.http.impl.execchain.RedirectExec.execute(RedirectExec.java:110)
	at org.apache.http.impl.client.InternalHttpClient.doExecute(InternalHttpClient.java:184)
	at org.apache.http.impl.client.CloseableHttpClient.execute(CloseableHttpClient.java:71)
	at org.apache.http.impl.client.CloseableHttpClient.execute(CloseableHttpClient.java:55)
	at org.openqa.selenium.remote.internal.ApacheHttpClient.fallBackExecute(ApacheHttpClient.java:161)
	at org.openqa.selenium.remote.internal.ApacheHttpClient.execute(ApacheHttpClient.java:89)
	at org.openqa.selenium.remote.HttpCommandExecutor.execute(HttpCommandExecutor.java:134)
	at org.openqa.selenium.firefox.internal.NewProfileExtensionConnection.execute(NewProfileExtensionConnection.java:168)
	at org.openqa.selenium.firefox.FirefoxDriver$LazyCommandExecutor.execute(FirefoxDriver.java:392)
	at org.openqa.selenium.remote.RemoteWebDriver.execute(RemoteWebDriver.java:578)
	... 45 more
Caused by: java.net.ConnectException: Connection refused: connect
	at java.net.DualStackPlainSocketImpl.waitForConnect(Native Method)
	at java.net.DualStackPlainSocketImpl.socketConnect(DualStackPlainSocketImpl.java:85)
	at java.net.AbstractPlainSocketImpl.doConnect(AbstractPlainSocketImpl.java:345)
	at java.net.AbstractPlainSocketImpl.connectToAddress(AbstractPlainSocketImpl.java:206)
	at java.net.AbstractPlainSocketImpl.connect(AbstractPlainSocketImpl.java:188)
	at java.net.PlainSocketImpl.connect(PlainSocketImpl.java:172)
	at java.net.SocksSocketImpl.connect(SocksSocketImpl.java:392)
	at java.net.Socket.connect(Socket.java:589)
	at org.apache.http.conn.socket.PlainConnectionSocketFactory.connectSocket(PlainConnectionSocketFactory.java:74)
	at org.apache.http.impl.conn.DefaultHttpClientConnectionOperator.connect(DefaultHttpClientConnectionOperator.java:134)
	... 60 more
]]>
            </full-stacktrace>
          </exception> <!-- org.openqa.selenium.remote.UnreachableBrowserException -->
          <reporter-output>
            <line>
              <![CDATA[--------==[ step 1 ]==--------<br>]]>
            </line>
            <line>
              <![CDATA[Page Login Page appears<br>]]>
            </line>
            <line>
              <![CDATA[TextBoxElement typing 'hlebtemp2@gmail.com' <br>]]>
            </line>
            <line>
              <![CDATA[ButtonElement clicking <br>]]>
            </line>
            <line>
              <![CDATA[TextBoxElement typing 'dr71gleb' <br>]]>
            </line>
            <line>
              <![CDATA[ButtonElement clicking <br>]]>
            </line>
            <line>
              <![CDATA[--------==[ steps: 2-3 ]==--------<br>]]>
            </line>
            <line>
              <![CDATA[Page Main Page appears<br>]]>
            </line>
            <line>
              <![CDATA[ButtonElement clicking <br>]]>
            </line>
            <line>
              <![CDATA[LabelElement clicking <br>]]>
            </line>
            <line>
              <![CDATA[--------==[ steps: 4-5 ]==--------<br>]]>
            </line>
            <line>
              <![CDATA[Page Setting Page appears<br>]]>
            </line>
            <line>
              <![CDATA[LabelElement clicking <br>]]>
            </line>
            <line>
              <![CDATA[Page ForwardPage appears<br>]]>
            </line>
            <line>
              <![CDATA[ButtonElement clicking <br>]]>
            </line>
            <line>
              <![CDATA[TextBoxElement typing 'hleb3temp@gmail.com' <br>]]>
            </line>
            <line>
              <![CDATA[ButtonElement clicking <br>]]>
            </line>
          </reporter-output>
        </test-method> <!-- ForwardTest -->
        <test-method status="FAIL" signature="afterForwardTest()[pri:0, instance:test.Forward_02@65f8f5ae]" name="afterForwardTest" is-config="true" duration-ms="0" started-at="2015-07-21T18:33:48Z" finished-at="2015-07-21T18:33:48Z">
          <exception class="org.openqa.selenium.remote.UnreachableBrowserException">
            <message>
              <![CDATA[Error communicating with the remote browser. It may have died.
Build info: version: '2.46.0', revision: '61506a4624b13675f24581e453592342b7485d71', time: '2015-06-04 10:22:50'
System info: host: 'EPBYMINW2701', ip: '10.6.102.41', os.name: 'Windows 7', os.arch: 'amd64', os.version: '6.1', java.version: '1.8.0_45'
Driver info: driver.version: RemoteWebDriver]]>
            </message>
            <full-stacktrace>
              <![CDATA[org.openqa.selenium.remote.UnreachableBrowserException: Error communicating with the remote browser. It may have died.
Build info: version: '2.46.0', revision: '61506a4624b13675f24581e453592342b7485d71', time: '2015-06-04 10:22:50'
System info: host: 'EPBYMINW2701', ip: '10.6.102.41', os.name: 'Windows 7', os.arch: 'amd64', os.version: '6.1', java.version: '1.8.0_45'
Driver info: driver.version: RemoteWebDriver
	at org.openqa.selenium.remote.RemoteWebDriver.execute(RemoteWebDriver.java:599)
	at org.openqa.selenium.remote.RemoteWebDriver.execute(RemoteWebDriver.java:628)
	at org.openqa.selenium.remote.RemoteWebDriver$RemoteWebDriverOptions.deleteAllCookies(RemoteWebDriver.java:699)
	at webdriver.Browser.deleteAllCookiesAndRefresh(Browser.java:135)
	at test.Forward_02.afterForwardTest(Forward_02.java:111)
	at sun.reflect.NativeMethodAccessorImpl.invoke0(Native Method)
	at sun.reflect.NativeMethodAccessorImpl.invoke(NativeMethodAccessorImpl.java:62)
	at sun.reflect.DelegatingMethodAccessorImpl.invoke(DelegatingMethodAccessorImpl.java:43)
	at java.lang.reflect.Method.invoke(Method.java:497)
	at org.testng.internal.MethodInvocationHelper.invokeMethod(MethodInvocationHelper.java:84)
	at org.testng.internal.Invoker.invokeConfigurationMethod(Invoker.java:564)
	at org.testng.internal.Invoker.invokeConfigurations(Invoker.java:213)
	at org.testng.internal.Invoker.invokeMethod(Invoker.java:786)
	at org.testng.internal.Invoker.invokeTestMethod(Invoker.java:901)
	at org.testng.internal.Invoker.invokeTestMethods(Invoker.java:1231)
	at org.testng.internal.TestMethodWorker.invokeTestMethods(TestMethodWorker.java:127)
	at org.testng.internal.TestMethodWorker.run(TestMethodWorker.java:111)
	at org.testng.TestRunner.privateRun(TestRunner.java:767)
	at org.testng.TestRunner.run(TestRunner.java:617)
	at org.testng.SuiteRunner.runTest(SuiteRunner.java:348)
	at org.testng.SuiteRunner.runSequentially(SuiteRunner.java:343)
	at org.testng.SuiteRunner.privateRun(SuiteRunner.java:305)
	at org.testng.SuiteRunner.run(SuiteRunner.java:254)
	at org.testng.SuiteRunnerWorker.runSuite(SuiteRunnerWorker.java:52)
	at org.testng.SuiteRunnerWorker.run(SuiteRunnerWorker.java:86)
	at org.testng.TestNG.runSuitesSequentially(TestNG.java:1224)
	at org.testng.TestNG.runSuitesLocally(TestNG.java:1149)
	at org.testng.TestNG.run(TestNG.java:1057)
	at org.testng.remote.RemoteTestNG.run(RemoteTestNG.java:111)
	at org.testng.remote.RemoteTestNG.initAndRun(RemoteTestNG.java:204)
	at org.testng.remote.RemoteTestNG.main(RemoteTestNG.java:175)
Caused by: org.apache.http.conn.HttpHostConnectException: Connect to 127.0.0.1:7055 [/127.0.0.1] failed: Connection refused: connect
	at org.apache.http.impl.conn.DefaultHttpClientConnectionOperator.connect(DefaultHttpClientConnectionOperator.java:151)
	at org.apache.http.impl.conn.PoolingHttpClientConnectionManager.connect(PoolingHttpClientConnectionManager.java:353)
	at org.apache.http.impl.execchain.MainClientExec.establishRoute(MainClientExec.java:380)
	at org.apache.http.impl.execchain.MainClientExec.execute(MainClientExec.java:236)
	at org.apache.http.impl.execchain.ProtocolExec.execute(ProtocolExec.java:184)
	at org.apache.http.impl.execchain.RetryExec.execute(RetryExec.java:88)
	at org.apache.http.impl.execchain.RedirectExec.execute(RedirectExec.java:110)
	at org.apache.http.impl.client.InternalHttpClient.doExecute(InternalHttpClient.java:184)
	at org.apache.http.impl.client.CloseableHttpClient.execute(CloseableHttpClient.java:71)
	at org.apache.http.impl.client.CloseableHttpClient.execute(CloseableHttpClient.java:55)
	at org.openqa.selenium.remote.internal.ApacheHttpClient.fallBackExecute(ApacheHttpClient.java:143)
	at org.openqa.selenium.remote.internal.ApacheHttpClient.execute(ApacheHttpClient.java:89)
	at org.openqa.selenium.remote.HttpCommandExecutor.execute(HttpCommandExecutor.java:134)
	at org.openqa.selenium.firefox.internal.NewProfileExtensionConnection.execute(NewProfileExtensionConnection.java:168)
	at org.openqa.selenium.firefox.FirefoxDriver$LazyCommandExecutor.execute(FirefoxDriver.java:392)
	at org.openqa.selenium.remote.RemoteWebDriver.execute(RemoteWebDriver.java:578)
	... 30 more
Caused by: java.net.ConnectException: Connection refused: connect
	at java.net.DualStackPlainSocketImpl.waitForConnect(Native Method)
	at java.net.DualStackPlainSocketImpl.socketConnect(DualStackPlainSocketImpl.java:85)
	at java.net.AbstractPlainSocketImpl.doConnect(AbstractPlainSocketImpl.java:345)
	at java.net.AbstractPlainSocketImpl.connectToAddress(AbstractPlainSocketImpl.java:206)
	at java.net.AbstractPlainSocketImpl.connect(AbstractPlainSocketImpl.java:188)
	at java.net.PlainSocketImpl.connect(PlainSocketImpl.java:172)
	at java.net.SocksSocketImpl.connect(SocksSocketImpl.java:392)
	at java.net.Socket.connect(Socket.java:589)
	at org.apache.http.conn.socket.PlainConnectionSocketFactory.connectSocket(PlainConnectionSocketFactory.java:74)
	at org.apache.http.impl.conn.DefaultHttpClientConnectionOperator.connect(DefaultHttpClientConnectionOperator.java:134)
	... 45 more
]]>
            </full-stacktrace>
          </exception> <!-- org.openqa.selenium.remote.UnreachableBrowserException -->
          <reporter-output>
            <line>
              <![CDATA[========== Postcondition========== <br>]]>
            </line>
            <line>
              <![CDATA[<div class="skipped">Page timeout!</div><br>]]>
            </line>
          </reporter-output>
        </test-method> <!-- afterForwardTest -->
        <test-method status="SKIP" signature="after()[pri:0, instance:test.Forward_02@65f8f5ae]" name="after" is-config="true" duration-ms="0" started-at="2015-07-21T18:33:50Z" finished-at="2015-07-21T18:33:50Z">
          <reporter-output>
          </reporter-output>
        </test-method> <!-- after -->
      </class> <!-- test.Forward_02 -->
    </test> <!-- Smoke Tests -->
  </suite> <!-- Test Plan -->
</testng-results>
