<?xml version="1.0" encoding="UTF-8"?>
<testng-results skipped="0" failed="1" total="1" passed="0">
  <reporter-output>
    <line>
      <![CDATA[Browser is ready<br>]]>
    </line>
    <line>
      <![CDATA[--------==[ step 1 ]==--------<br>]]>
    </line>
  </reporter-output>
  <suite name="Fun Test Plan" duration-ms="443" started-at="2015-07-13T15:31:32Z" finished-at="2015-07-13T15:31:32Z">
    <groups>
    </groups>
    <test name="Functional Tests" duration-ms="443" started-at="2015-07-13T15:31:32Z" finished-at="2015-07-13T15:31:32Z">
      <class name="test.LetterGoToSpam_01">
        <test-method status="PASS" signature="before()[pri:0, instance:test.LetterGoToSpam_01@25be7b63]" name="before" is-config="true" duration-ms="11" started-at="2015-07-13T18:31:32Z" finished-at="2015-07-13T18:31:32Z">
          <reporter-output>
          </reporter-output>
        </test-method> <!-- before -->
        <test-method status="FAIL" signature="letterGoToSpam(java.lang.String, java.lang.String, java.lang.String, java.lang.String)[pri:0, instance:test.LetterGoToSpam_01@25be7b63]" name="letterGoToSpam" duration-ms="34" started-at="2015-07-13T18:31:32Z" finished-at="2015-07-13T18:31:32Z">
          <params>
            <param index="0">
              <value>
                <![CDATA[hlebtemp@gmail.com]]>
              </value>
            </param>
            <param index="1">
              <value>
                <![CDATA[dr71gleb]]>
              </value>
            </param>
            <param index="2">
              <value>
                <![CDATA[hlebtemp2@gmail.com]]>
              </value>
            </param>
            <param index="3">
              <value>
                <![CDATA[dr71gleb]]>
              </value>
            </param>
          </params>
          <exception class="java.lang.RuntimeException">
            <message>
              <![CDATA[java.lang.ClassNotFoundException: webdriver.elements.ITextBox]]>
            </message>
            <full-stacktrace>
              <![CDATA[java.lang.RuntimeException: java.lang.ClassNotFoundException: webdriver.elements.ITextBox
	at webdriver.elements.ElementFactory.findImplementationFor(ElementFactory.java:35)
	at webdriver.elements.ElementFactory.create(ElementFactory.java:15)
	at webdriver.fieldDecorator.FieldDecorator.decorateElement(FieldDecorator.java:39)
	at webdriver.fieldDecorator.FieldDecorator.decorate(FieldDecorator.java:31)
	at org.openqa.selenium.support.PageFactory.proxyFields(PageFactory.java:112)
	at org.openqa.selenium.support.PageFactory.initElements(PageFactory.java:104)
	at test.Pages.LoginPage.<init>(LoginPage.java:30)
	at test.Steps.Steps.loginGmail(Steps.java:11)
	at test.LetterGoToSpam_01.letterGoToSpam(LetterGoToSpam_01.java:15)
	at sun.reflect.NativeMethodAccessorImpl.invoke0(Native Method)
	at sun.reflect.NativeMethodAccessorImpl.invoke(NativeMethodAccessorImpl.java:62)
	at sun.reflect.DelegatingMethodAccessorImpl.invoke(DelegatingMethodAccessorImpl.java:43)
	at java.lang.reflect.Method.invoke(Method.java:497)
	at org.testng.internal.MethodInvocationHelper.invokeMethod(MethodInvocationHelper.java:84)
	at org.testng.internal.Invoker.invokeMethod(Invoker.java:714)
	at org.testng.internal.Invoker.invokeTestMethod(Invoker.java:901)
	at org.testng.internal.Invoker.invokeTestMethods(Invoker.java:1231)
	at org.testng.internal.TestMethodWorker.invokeTestMethods(TestMethodWorker.java:127)
	at org.testng.internal.TestMethodWorker.run(TestMethodWorker.java:111)
	at org.testng.TestRunner.privateRun(TestRunner.java:767)
	at org.testng.TestRunner.run(TestRunner.java:617)
	at org.testng.SuiteRunner.runTest(SuiteRunner.java:348)
	at org.testng.SuiteRunner.runSequentially(SuiteRunner.java:343)
	at org.testng.SuiteRunner.privateRun(SuiteRunner.java:305)
	at org.testng.SuiteRunner.run(SuiteRunner.java:254)
	at org.testng.SuiteRunnerWorker.runSuite(SuiteRunnerWorker.java:52)
	at org.testng.SuiteRunnerWorker.run(SuiteRunnerWorker.java:86)
	at org.testng.TestNG.runSuitesSequentially(TestNG.java:1224)
	at org.testng.TestNG.runSuitesLocally(TestNG.java:1149)
	at org.testng.TestNG.run(TestNG.java:1057)
	at org.testng.remote.RemoteTestNG.run(RemoteTestNG.java:111)
	at org.testng.remote.RemoteTestNG.initAndRun(RemoteTestNG.java:204)
	at org.testng.remote.RemoteTestNG.main(RemoteTestNG.java:175)
Caused by: java.lang.ClassNotFoundException: webdriver.elements.ITextBox
	at java.net.URLClassLoader.findClass(URLClassLoader.java:381)
	at java.lang.ClassLoader.loadClass(ClassLoader.java:424)
	at sun.misc.Launcher$AppClassLoader.loadClass(Launcher.java:331)
	at java.lang.ClassLoader.loadClass(ClassLoader.java:357)
	at java.lang.Class.forName0(Native Method)
	at java.lang.Class.forName(Class.java:264)
	at webdriver.elements.ElementFactory.findImplementationFor(ElementFactory.java:32)
	... 32 more
]]>
            </full-stacktrace>
          </exception> <!-- java.lang.RuntimeException -->
          <reporter-output>
            <line>
              <![CDATA[--------==[ step 1 ]==--------<br>]]>
            </line>
          </reporter-output>
        </test-method> <!-- letterGoToSpam -->
        <test-method status="PASS" signature="after()[pri:0, instance:test.LetterGoToSpam_01@25be7b63]" name="after" is-config="true" duration-ms="369" started-at="2015-07-13T18:31:32Z" finished-at="2015-07-13T18:31:32Z">
          <reporter-output>
          </reporter-output>
        </test-method> <!-- after -->
      </class> <!-- test.LetterGoToSpam_01 -->
    </test> <!-- Functional Tests -->
  </suite> <!-- Fun Test Plan -->
</testng-results>
